2016-03-03 0:01:14 - MOD: Modification Default
FILE: system/engine/action.php
REGEX: ~(require|include)(_once)?\(([^)]+)~
LINE: 58
FILE: system/engine/loader.php
REGEX: ~(require|include)(_once)?\(([^)]+)~
LINE: 20
LINE: 37
LINE: 54
LINE: 65
FILE: system/library/config.php
REGEX: ~(require|include)(_once)?\(([^)]+)~
LINE: 23
FILE: system/library/language.php
REGEX: ~(require|include)(_once)?\(([^)]+)~
LINE: 21
LINE: 27
----------------------------------------------------------------
MOD: Tweak for OpenCart 2x Russkaya sborka
FILE: admin/view/template/common/header.tpl
CODE: <?php foreach ($links as $link) { ?>
LINE: 35
CODE: <li><a href="http://www.opencart.com" target="_blank"><?php echo $text_homepage; ?></a></li>
LINE: 80
CODE: <li><a href="http://docs.opencart.com" target="_blank"><?php echo $text_documentation; ?></a></li>
LINE: 83
CODE: <li><a href="http://forum.opencart.com" target="_blank"><?php echo $text_support; ?></a></li>
LINE: 86
FILE: admin/view/template/common/menu.tpl
CODE: <li><a href="<?php echo $fraud; ?>"><?php echo $text_fraud; ?></a></li>
LINE: 30
FILE: admin/view/template/catalog/product_form.tpl
CODE: <label class="col-sm-2 control-label" for="input-sku"><span data-toggle="tooltip" title="<?php echo $help_sku; ?>"><?php echo $entry_sku; ?></span></label>
LINE: 116
CODE: <label class="col-sm-2 control-label" for="input-sku">
LINE: 122
CODE: <label class="col-sm-2 control-label" for="input-location"><?php echo $entry_location; ?></label>
LINE: 162
CODE: <input type="text" name="model" value="<?php echo $model; ?>" placeholder="<?php echo $entry_model; ?>" id="input-model" class="form-control" />
LINE: 108
FILE: admin/model/catalog/category.php
CODE: if (isset($data['keyword'])) {
LINE: 49
FILE: catalog/model/payment/pp_standard.php
CODE: 'AUD',
LINE: 21
----------------------------------------------------------------
2016-03-03 0:02:36 - MOD: Modification Default
FILE: system/engine/action.php
REGEX: ~(require|include)(_once)?\(([^)]+)~
LINE: 58
FILE: system/engine/loader.php
REGEX: ~(require|include)(_once)?\(([^)]+)~
LINE: 20
LINE: 37
LINE: 54
LINE: 65
FILE: system/library/config.php
REGEX: ~(require|include)(_once)?\(([^)]+)~
LINE: 23
FILE: system/library/language.php
REGEX: ~(require|include)(_once)?\(([^)]+)~
LINE: 21
LINE: 27
----------------------------------------------------------------
MOD: Tweak for OpenCart 2x Russkaya sborka
FILE: admin/view/template/common/header.tpl
CODE: <?php foreach ($links as $link) { ?>
LINE: 35
CODE: <li><a href="http://www.opencart.com" target="_blank"><?php echo $text_homepage; ?></a></li>
LINE: 80
CODE: <li><a href="http://docs.opencart.com" target="_blank"><?php echo $text_documentation; ?></a></li>
LINE: 83
CODE: <li><a href="http://forum.opencart.com" target="_blank"><?php echo $text_support; ?></a></li>
LINE: 86
FILE: admin/view/template/common/menu.tpl
CODE: <li><a href="<?php echo $fraud; ?>"><?php echo $text_fraud; ?></a></li>
LINE: 30
FILE: admin/view/template/catalog/product_form.tpl
CODE: <label class="col-sm-2 control-label" for="input-sku"><span data-toggle="tooltip" title="<?php echo $help_sku; ?>"><?php echo $entry_sku; ?></span></label>
NOT FOUND!
CODE: <label class="col-sm-2 control-label" for="input-sku">
NOT FOUND!
CODE: <label class="col-sm-2 control-label" for="input-location"><?php echo $entry_location; ?></label>
NOT FOUND!
CODE: <input type="text" name="model" value="<?php echo $model; ?>" placeholder="<?php echo $entry_model; ?>" id="input-model" class="form-control" />
NOT FOUND!
FILE: admin/model/catalog/category.php
CODE: if (isset($data['keyword'])) {
LINE: 49
FILE: catalog/model/payment/pp_standard.php
CODE: 'AUD',
LINE: 21
----------------------------------------------------------------
2016-03-03 0:12:08 - MOD: Modification Default
FILE: system/engine/action.php
REGEX: ~(require|include)(_once)?\(([^)]+)~
LINE: 58
FILE: system/engine/loader.php
REGEX: ~(require|include)(_once)?\(([^)]+)~
LINE: 20
LINE: 37
LINE: 54
LINE: 65
FILE: system/library/config.php
REGEX: ~(require|include)(_once)?\(([^)]+)~
LINE: 23
FILE: system/library/language.php
REGEX: ~(require|include)(_once)?\(([^)]+)~
LINE: 21
LINE: 27
----------------------------------------------------------------
MOD: Tweak for OpenCart 2x Russkaya sborka
FILE: admin/view/template/common/header.tpl
CODE: <?php foreach ($links as $link) { ?>
LINE: 35
CODE: <li><a href="http://www.opencart.com" target="_blank"><?php echo $text_homepage; ?></a></li>
LINE: 80
CODE: <li><a href="http://docs.opencart.com" target="_blank"><?php echo $text_documentation; ?></a></li>
LINE: 83
CODE: <li><a href="http://forum.opencart.com" target="_blank"><?php echo $text_support; ?></a></li>
LINE: 86
FILE: admin/view/template/common/menu.tpl
CODE: <li><a href="<?php echo $fraud; ?>"><?php echo $text_fraud; ?></a></li>
LINE: 30
FILE: admin/view/template/catalog/product_form.tpl
CODE: <label class="col-sm-2 control-label" for="input-sku"><span data-toggle="tooltip" title="<?php echo $help_sku; ?>"><?php echo $entry_sku; ?></span></label>
LINE: 123
CODE: <label class="col-sm-2 control-label" for="input-sku">
LINE: 129
CODE: <label class="col-sm-2 control-label" for="input-location"><?php echo $entry_location; ?></label>
LINE: 169
CODE: <input type="text" name="model" value="<?php echo $model; ?>" placeholder="<?php echo $entry_model; ?>" id="input-model" class="form-control" />
LINE: 115
FILE: admin/model/catalog/category.php
CODE: if (isset($data['keyword'])) {
LINE: 49
FILE: catalog/model/payment/pp_standard.php
CODE: 'AUD',
LINE: 21
----------------------------------------------------------------
2016-03-03 0:14:44 - MOD: Modification Default
FILE: system/engine/action.php
REGEX: ~(require|include)(_once)?\(([^)]+)~
LINE: 58
FILE: system/engine/loader.php
REGEX: ~(require|include)(_once)?\(([^)]+)~
LINE: 20
LINE: 37
LINE: 54
LINE: 65
FILE: system/library/config.php
REGEX: ~(require|include)(_once)?\(([^)]+)~
LINE: 23
FILE: system/library/language.php
REGEX: ~(require|include)(_once)?\(([^)]+)~
LINE: 21
LINE: 27
----------------------------------------------------------------
MOD: Tweak for OpenCart 2x Russkaya sborka
FILE: admin/view/template/common/header.tpl
CODE: <?php foreach ($links as $link) { ?>
LINE: 35
CODE: <li><a href="http://www.opencart.com" target="_blank"><?php echo $text_homepage; ?></a></li>
LINE: 80
CODE: <li><a href="http://docs.opencart.com" target="_blank"><?php echo $text_documentation; ?></a></li>
LINE: 83
CODE: <li><a href="http://forum.opencart.com" target="_blank"><?php echo $text_support; ?></a></li>
LINE: 86
FILE: admin/view/template/common/menu.tpl
CODE: <li><a href="<?php echo $fraud; ?>"><?php echo $text_fraud; ?></a></li>
LINE: 30
FILE: admin/view/template/catalog/product_form.tpl
CODE: <label class="col-sm-2 control-label" for="input-sku"><span data-toggle="tooltip" title="<?php echo $help_sku; ?>"><?php echo $entry_sku; ?></span></label>
LINE: 123
CODE: <label class="col-sm-2 control-label" for="input-sku">
LINE: 129
CODE: <label class="col-sm-2 control-label" for="input-location"><?php echo $entry_location; ?></label>
LINE: 169
CODE: <input type="text" name="model" value="<?php echo $model; ?>" placeholder="<?php echo $entry_model; ?>" id="input-model" class="form-control" />
LINE: 115
FILE: admin/model/catalog/category.php
CODE: if (isset($data['keyword'])) {
LINE: 49
FILE: catalog/model/payment/pp_standard.php
CODE: 'AUD',
LINE: 21
----------------------------------------------------------------
2016-03-03 0:15:08 - MOD: Modification Default
FILE: system/engine/action.php
REGEX: ~(require|include)(_once)?\(([^)]+)~
LINE: 58
FILE: system/engine/loader.php
REGEX: ~(require|include)(_once)?\(([^)]+)~
LINE: 20
LINE: 37
LINE: 54
LINE: 65
FILE: system/library/config.php
REGEX: ~(require|include)(_once)?\(([^)]+)~
LINE: 23
FILE: system/library/language.php
REGEX: ~(require|include)(_once)?\(([^)]+)~
LINE: 21
LINE: 27
----------------------------------------------------------------
MOD: Tweak for OpenCart 2x Russkaya sborka
FILE: admin/view/template/common/header.tpl
CODE: <?php foreach ($links as $link) { ?>
LINE: 35
CODE: <li><a href="http://www.opencart.com" target="_blank"><?php echo $text_homepage; ?></a></li>
LINE: 80
CODE: <li><a href="http://docs.opencart.com" target="_blank"><?php echo $text_documentation; ?></a></li>
LINE: 83
CODE: <li><a href="http://forum.opencart.com" target="_blank"><?php echo $text_support; ?></a></li>
LINE: 86
FILE: admin/view/template/common/menu.tpl
CODE: <li><a href="<?php echo $fraud; ?>"><?php echo $text_fraud; ?></a></li>
LINE: 30
FILE: admin/view/template/catalog/product_form.tpl
CODE: <label class="col-sm-2 control-label" for="input-sku"><span data-toggle="tooltip" title="<?php echo $help_sku; ?>"><?php echo $entry_sku; ?></span></label>
LINE: 123
CODE: <label class="col-sm-2 control-label" for="input-sku">
LINE: 129
CODE: <label class="col-sm-2 control-label" for="input-location"><?php echo $entry_location; ?></label>
LINE: 169
CODE: <input type="text" name="model" value="<?php echo $model; ?>" placeholder="<?php echo $entry_model; ?>" id="input-model" class="form-control" />
LINE: 115
FILE: admin/model/catalog/category.php
CODE: if (isset($data['keyword'])) {
LINE: 49
FILE: catalog/model/payment/pp_standard.php
CODE: 'AUD',
LINE: 21
----------------------------------------------------------------
2016-03-03 0:15:55 - MOD: Modification Default
FILE: system/engine/action.php
REGEX: ~(require|include)(_once)?\(([^)]+)~
LINE: 58
FILE: system/engine/loader.php
REGEX: ~(require|include)(_once)?\(([^)]+)~
LINE: 20
LINE: 37
LINE: 54
LINE: 65
FILE: system/library/config.php
REGEX: ~(require|include)(_once)?\(([^)]+)~
LINE: 23
FILE: system/library/language.php
REGEX: ~(require|include)(_once)?\(([^)]+)~
LINE: 21
LINE: 27
----------------------------------------------------------------
MOD: Tweak for OpenCart 2x Russkaya sborka
FILE: admin/view/template/common/header.tpl
CODE: <?php foreach ($links as $link) { ?>
LINE: 35
CODE: <li><a href="http://www.opencart.com" target="_blank"><?php echo $text_homepage; ?></a></li>
LINE: 80
CODE: <li><a href="http://docs.opencart.com" target="_blank"><?php echo $text_documentation; ?></a></li>
LINE: 83
CODE: <li><a href="http://forum.opencart.com" target="_blank"><?php echo $text_support; ?></a></li>
LINE: 86
FILE: admin/view/template/common/menu.tpl
CODE: <li><a href="<?php echo $fraud; ?>"><?php echo $text_fraud; ?></a></li>
LINE: 30
FILE: admin/view/template/catalog/product_form.tpl
CODE: <label class="col-sm-2 control-label" for="input-sku"><span data-toggle="tooltip" title="<?php echo $help_sku; ?>"><?php echo $entry_sku; ?></span></label>
LINE: 123
CODE: <label class="col-sm-2 control-label" for="input-sku">
LINE: 129
CODE: <label class="col-sm-2 control-label" for="input-location"><?php echo $entry_location; ?></label>
LINE: 169
CODE: <input type="text" name="model" value="<?php echo $model; ?>" placeholder="<?php echo $entry_model; ?>" id="input-model" class="form-control" />
LINE: 115
FILE: admin/model/catalog/category.php
CODE: if (isset($data['keyword'])) {
LINE: 49
FILE: catalog/model/payment/pp_standard.php
CODE: 'AUD',
LINE: 21
----------------------------------------------------------------
2016-03-03 0:16:31 - MOD: Modification Default
FILE: system/engine/action.php
REGEX: ~(require|include)(_once)?\(([^)]+)~
LINE: 58
FILE: system/engine/loader.php
REGEX: ~(require|include)(_once)?\(([^)]+)~
LINE: 20
LINE: 37
LINE: 54
LINE: 65
FILE: system/library/config.php
REGEX: ~(require|include)(_once)?\(([^)]+)~
LINE: 23
FILE: system/library/language.php
REGEX: ~(require|include)(_once)?\(([^)]+)~
LINE: 21
LINE: 27
----------------------------------------------------------------
MOD: Tweak for OpenCart 2x Russkaya sborka
FILE: admin/view/template/common/header.tpl
CODE: <?php foreach ($links as $link) { ?>
LINE: 35
CODE: <li><a href="http://www.opencart.com" target="_blank"><?php echo $text_homepage; ?></a></li>
LINE: 80
CODE: <li><a href="http://docs.opencart.com" target="_blank"><?php echo $text_documentation; ?></a></li>
LINE: 83
CODE: <li><a href="http://forum.opencart.com" target="_blank"><?php echo $text_support; ?></a></li>
LINE: 86
FILE: admin/view/template/common/menu.tpl
CODE: <li><a href="<?php echo $fraud; ?>"><?php echo $text_fraud; ?></a></li>
LINE: 30
FILE: admin/view/template/catalog/product_form.tpl
CODE: <label class="col-sm-2 control-label" for="input-sku"><span data-toggle="tooltip" title="<?php echo $help_sku; ?>"><?php echo $entry_sku; ?></span></label>
LINE: 123
CODE: <label class="col-sm-2 control-label" for="input-sku">
LINE: 129
CODE: <label class="col-sm-2 control-label" for="input-location"><?php echo $entry_location; ?></label>
LINE: 169
CODE: <input type="text" name="model" value="<?php echo $model; ?>" placeholder="<?php echo $entry_model; ?>" id="input-model" class="form-control" />
LINE: 115
FILE: admin/model/catalog/category.php
CODE: if (isset($data['keyword'])) {
LINE: 49
FILE: catalog/model/payment/pp_standard.php
CODE: 'AUD',
LINE: 21
----------------------------------------------------------------
2016-03-03 0:17:59 - MOD: Modification Default
FILE: system/engine/action.php
REGEX: ~(require|include)(_once)?\(([^)]+)~
LINE: 58
FILE: system/engine/loader.php
REGEX: ~(require|include)(_once)?\(([^)]+)~
LINE: 20
LINE: 37
LINE: 54
LINE: 65
FILE: system/library/config.php
REGEX: ~(require|include)(_once)?\(([^)]+)~
LINE: 23
FILE: system/library/language.php
REGEX: ~(require|include)(_once)?\(([^)]+)~
LINE: 21
LINE: 27
----------------------------------------------------------------
MOD: Tweak for OpenCart 2x Russkaya sborka
FILE: admin/view/template/common/header.tpl
CODE: <?php foreach ($links as $link) { ?>
LINE: 35
CODE: <li><a href="http://www.opencart.com" target="_blank"><?php echo $text_homepage; ?></a></li>
LINE: 80
CODE: <li><a href="http://docs.opencart.com" target="_blank"><?php echo $text_documentation; ?></a></li>
LINE: 83
CODE: <li><a href="http://forum.opencart.com" target="_blank"><?php echo $text_support; ?></a></li>
LINE: 86
FILE: admin/view/template/common/menu.tpl
CODE: <li><a href="<?php echo $fraud; ?>"><?php echo $text_fraud; ?></a></li>
LINE: 30
FILE: admin/view/template/catalog/product_form.tpl
CODE: <label class="col-sm-2 control-label" for="input-sku"><span data-toggle="tooltip" title="<?php echo $help_sku; ?>"><?php echo $entry_sku; ?></span></label>
LINE: 123
CODE: <label class="col-sm-2 control-label" for="input-sku">
LINE: 129
CODE: <label class="col-sm-2 control-label" for="input-location"><?php echo $entry_location; ?></label>
LINE: 169
CODE: <input type="text" name="model" value="<?php echo $model; ?>" placeholder="<?php echo $entry_model; ?>" id="input-model" class="form-control" />
LINE: 115
FILE: admin/model/catalog/category.php
CODE: if (isset($data['keyword'])) {
LINE: 49
FILE: catalog/model/payment/pp_standard.php
CODE: 'AUD',
LINE: 21
----------------------------------------------------------------
2016-03-03 0:20:18 - MOD: Modification Default
FILE: system/engine/action.php
REGEX: ~(require|include)(_once)?\(([^)]+)~
LINE: 58
FILE: system/engine/loader.php
REGEX: ~(require|include)(_once)?\(([^)]+)~
LINE: 20
LINE: 37
LINE: 54
LINE: 65
FILE: system/library/config.php
REGEX: ~(require|include)(_once)?\(([^)]+)~
LINE: 23
FILE: system/library/language.php
REGEX: ~(require|include)(_once)?\(([^)]+)~
LINE: 21
LINE: 27
----------------------------------------------------------------
MOD: Tweak for OpenCart 2x Russkaya sborka
FILE: admin/view/template/common/header.tpl
CODE: <?php foreach ($links as $link) { ?>
LINE: 35
CODE: <li><a href="http://www.opencart.com" target="_blank"><?php echo $text_homepage; ?></a></li>
LINE: 80
CODE: <li><a href="http://docs.opencart.com" target="_blank"><?php echo $text_documentation; ?></a></li>
LINE: 83
CODE: <li><a href="http://forum.opencart.com" target="_blank"><?php echo $text_support; ?></a></li>
LINE: 86
FILE: admin/view/template/common/menu.tpl
CODE: <li><a href="<?php echo $fraud; ?>"><?php echo $text_fraud; ?></a></li>
LINE: 30
FILE: admin/view/template/catalog/product_form.tpl
CODE: <label class="col-sm-2 control-label" for="input-sku"><span data-toggle="tooltip" title="<?php echo $help_sku; ?>"><?php echo $entry_sku; ?></span></label>
LINE: 123
CODE: <label class="col-sm-2 control-label" for="input-sku">
LINE: 129
CODE: <label class="col-sm-2 control-label" for="input-location"><?php echo $entry_location; ?></label>
LINE: 169
CODE: <input type="text" name="model" value="<?php echo $model; ?>" placeholder="<?php echo $entry_model; ?>" id="input-model" class="form-control" />
LINE: 115
FILE: admin/model/catalog/category.php
CODE: if (isset($data['keyword'])) {
LINE: 49
FILE: catalog/model/payment/pp_standard.php
CODE: 'AUD',
LINE: 21
----------------------------------------------------------------
2016-03-03 0:20:32 - MOD: Modification Default
FILE: system/engine/action.php
REGEX: ~(require|include)(_once)?\(([^)]+)~
LINE: 58
FILE: system/engine/loader.php
REGEX: ~(require|include)(_once)?\(([^)]+)~
LINE: 20
LINE: 37
LINE: 54
LINE: 65
FILE: system/library/config.php
REGEX: ~(require|include)(_once)?\(([^)]+)~
LINE: 23
FILE: system/library/language.php
REGEX: ~(require|include)(_once)?\(([^)]+)~
LINE: 21
LINE: 27
----------------------------------------------------------------
MOD: Tweak for OpenCart 2x Russkaya sborka
FILE: admin/view/template/common/header.tpl
CODE: <?php foreach ($links as $link) { ?>
LINE: 35
CODE: <li><a href="http://www.opencart.com" target="_blank"><?php echo $text_homepage; ?></a></li>
LINE: 80
CODE: <li><a href="http://docs.opencart.com" target="_blank"><?php echo $text_documentation; ?></a></li>
LINE: 83
CODE: <li><a href="http://forum.opencart.com" target="_blank"><?php echo $text_support; ?></a></li>
LINE: 86
FILE: admin/view/template/common/menu.tpl
CODE: <li><a href="<?php echo $fraud; ?>"><?php echo $text_fraud; ?></a></li>
LINE: 30
FILE: admin/view/template/catalog/product_form.tpl
CODE: <label class="col-sm-2 control-label" for="input-sku"><span data-toggle="tooltip" title="<?php echo $help_sku; ?>"><?php echo $entry_sku; ?></span></label>
LINE: 123
CODE: <label class="col-sm-2 control-label" for="input-sku">
LINE: 129
CODE: <label class="col-sm-2 control-label" for="input-location"><?php echo $entry_location; ?></label>
LINE: 169
CODE: <input type="text" name="model" value="<?php echo $model; ?>" placeholder="<?php echo $entry_model; ?>" id="input-model" class="form-control" />
LINE: 115
FILE: admin/model/catalog/category.php
CODE: if (isset($data['keyword'])) {
LINE: 49
FILE: catalog/model/payment/pp_standard.php
CODE: 'AUD',
LINE: 21
----------------------------------------------------------------
2016-03-03 0:21:20 - MOD: Modification Default
FILE: system/engine/action.php
REGEX: ~(require|include)(_once)?\(([^)]+)~
LINE: 58
FILE: system/engine/loader.php
REGEX: ~(require|include)(_once)?\(([^)]+)~
LINE: 20
LINE: 37
LINE: 54
LINE: 65
FILE: system/library/config.php
REGEX: ~(require|include)(_once)?\(([^)]+)~
LINE: 23
FILE: system/library/language.php
REGEX: ~(require|include)(_once)?\(([^)]+)~
LINE: 21
LINE: 27
----------------------------------------------------------------
MOD: Tweak for OpenCart 2x Russkaya sborka
FILE: admin/view/template/common/header.tpl
CODE: <?php foreach ($links as $link) { ?>
LINE: 35
CODE: <li><a href="http://www.opencart.com" target="_blank"><?php echo $text_homepage; ?></a></li>
LINE: 80
CODE: <li><a href="http://docs.opencart.com" target="_blank"><?php echo $text_documentation; ?></a></li>
LINE: 83
CODE: <li><a href="http://forum.opencart.com" target="_blank"><?php echo $text_support; ?></a></li>
LINE: 86
FILE: admin/view/template/common/menu.tpl
CODE: <li><a href="<?php echo $fraud; ?>"><?php echo $text_fraud; ?></a></li>
LINE: 30
FILE: admin/view/template/catalog/product_form.tpl
CODE: <label class="col-sm-2 control-label" for="input-sku"><span data-toggle="tooltip" title="<?php echo $help_sku; ?>"><?php echo $entry_sku; ?></span></label>
LINE: 123
CODE: <label class="col-sm-2 control-label" for="input-sku">
LINE: 129
CODE: <label class="col-sm-2 control-label" for="input-location"><?php echo $entry_location; ?></label>
LINE: 169
CODE: <input type="text" name="model" value="<?php echo $model; ?>" placeholder="<?php echo $entry_model; ?>" id="input-model" class="form-control" />
LINE: 115
FILE: admin/model/catalog/category.php
CODE: if (isset($data['keyword'])) {
LINE: 49
FILE: catalog/model/payment/pp_standard.php
CODE: 'AUD',
LINE: 21
----------------------------------------------------------------
2016-03-03 0:22:22 - MOD: Modification Default
FILE: system/engine/action.php
REGEX: ~(require|include)(_once)?\(([^)]+)~
LINE: 58
FILE: system/engine/loader.php
REGEX: ~(require|include)(_once)?\(([^)]+)~
LINE: 20
LINE: 37
LINE: 54
LINE: 65
FILE: system/library/config.php
REGEX: ~(require|include)(_once)?\(([^)]+)~
LINE: 23
FILE: system/library/language.php
REGEX: ~(require|include)(_once)?\(([^)]+)~
LINE: 21
LINE: 27
----------------------------------------------------------------
MOD: Tweak for OpenCart 2x Russkaya sborka
FILE: admin/view/template/common/header.tpl
CODE: <?php foreach ($links as $link) { ?>
LINE: 35
CODE: <li><a href="http://www.opencart.com" target="_blank"><?php echo $text_homepage; ?></a></li>
LINE: 80
CODE: <li><a href="http://docs.opencart.com" target="_blank"><?php echo $text_documentation; ?></a></li>
LINE: 83
CODE: <li><a href="http://forum.opencart.com" target="_blank"><?php echo $text_support; ?></a></li>
LINE: 86
FILE: admin/view/template/common/menu.tpl
CODE: <li><a href="<?php echo $fraud; ?>"><?php echo $text_fraud; ?></a></li>
LINE: 30
FILE: admin/view/template/catalog/product_form.tpl
CODE: <label class="col-sm-2 control-label" for="input-sku"><span data-toggle="tooltip" title="<?php echo $help_sku; ?>"><?php echo $entry_sku; ?></span></label>
LINE: 123
CODE: <label class="col-sm-2 control-label" for="input-sku">
LINE: 129
CODE: <label class="col-sm-2 control-label" for="input-location"><?php echo $entry_location; ?></label>
LINE: 169
CODE: <input type="text" name="model" value="<?php echo $model; ?>" placeholder="<?php echo $entry_model; ?>" id="input-model" class="form-control" />
LINE: 115
FILE: admin/model/catalog/category.php
CODE: if (isset($data['keyword'])) {
LINE: 49
FILE: catalog/model/payment/pp_standard.php
CODE: 'AUD',
LINE: 21
----------------------------------------------------------------
2016-03-03 0:23:01 - MOD: Modification Default
FILE: system/engine/action.php
REGEX: ~(require|include)(_once)?\(([^)]+)~
LINE: 58
FILE: system/engine/loader.php
REGEX: ~(require|include)(_once)?\(([^)]+)~
LINE: 20
LINE: 37
LINE: 54
LINE: 65
FILE: system/library/config.php
REGEX: ~(require|include)(_once)?\(([^)]+)~
LINE: 23
FILE: system/library/language.php
REGEX: ~(require|include)(_once)?\(([^)]+)~
LINE: 21
LINE: 27
----------------------------------------------------------------
MOD: Tweak for OpenCart 2x Russkaya sborka
FILE: admin/view/template/common/header.tpl
CODE: <?php foreach ($links as $link) { ?>
LINE: 35
CODE: <li><a href="http://www.opencart.com" target="_blank"><?php echo $text_homepage; ?></a></li>
LINE: 80
CODE: <li><a href="http://docs.opencart.com" target="_blank"><?php echo $text_documentation; ?></a></li>
LINE: 83
CODE: <li><a href="http://forum.opencart.com" target="_blank"><?php echo $text_support; ?></a></li>
LINE: 86
FILE: admin/view/template/common/menu.tpl
CODE: <li><a href="<?php echo $fraud; ?>"><?php echo $text_fraud; ?></a></li>
LINE: 30
FILE: admin/view/template/catalog/product_form.tpl
CODE: <label class="col-sm-2 control-label" for="input-sku"><span data-toggle="tooltip" title="<?php echo $help_sku; ?>"><?php echo $entry_sku; ?></span></label>
LINE: 123
CODE: <label class="col-sm-2 control-label" for="input-sku">
LINE: 129
CODE: <label class="col-sm-2 control-label" for="input-location"><?php echo $entry_location; ?></label>
LINE: 169
CODE: <input type="text" name="model" value="<?php echo $model; ?>" placeholder="<?php echo $entry_model; ?>" id="input-model" class="form-control" />
LINE: 115
FILE: admin/model/catalog/category.php
CODE: if (isset($data['keyword'])) {
LINE: 49
FILE: catalog/model/payment/pp_standard.php
CODE: 'AUD',
LINE: 21
----------------------------------------------------------------
2016-03-03 0:25:06 - MOD: Modification Default
FILE: system/engine/action.php
REGEX: ~(require|include)(_once)?\(([^)]+)~
LINE: 58
FILE: system/engine/loader.php
REGEX: ~(require|include)(_once)?\(([^)]+)~
LINE: 20
LINE: 37
LINE: 54
LINE: 65
FILE: system/library/config.php
REGEX: ~(require|include)(_once)?\(([^)]+)~
LINE: 23
FILE: system/library/language.php
REGEX: ~(require|include)(_once)?\(([^)]+)~
LINE: 21
LINE: 27
----------------------------------------------------------------
MOD: Tweak for OpenCart 2x Russkaya sborka
FILE: admin/view/template/common/header.tpl
CODE: <?php foreach ($links as $link) { ?>
LINE: 35
CODE: <li><a href="http://www.opencart.com" target="_blank"><?php echo $text_homepage; ?></a></li>
LINE: 80
CODE: <li><a href="http://docs.opencart.com" target="_blank"><?php echo $text_documentation; ?></a></li>
LINE: 83
CODE: <li><a href="http://forum.opencart.com" target="_blank"><?php echo $text_support; ?></a></li>
LINE: 86
FILE: admin/view/template/common/menu.tpl
CODE: <li><a href="<?php echo $fraud; ?>"><?php echo $text_fraud; ?></a></li>
LINE: 30
FILE: admin/view/template/catalog/product_form.tpl
CODE: <label class="col-sm-2 control-label" for="input-sku"><span data-toggle="tooltip" title="<?php echo $help_sku; ?>"><?php echo $entry_sku; ?></span></label>
LINE: 124
CODE: <label class="col-sm-2 control-label" for="input-sku">
LINE: 130
CODE: <label class="col-sm-2 control-label" for="input-location"><?php echo $entry_location; ?></label>
LINE: 170
CODE: <input type="text" name="model" value="<?php echo $model; ?>" placeholder="<?php echo $entry_model; ?>" id="input-model" class="form-control" />
LINE: 116
FILE: admin/model/catalog/category.php
CODE: if (isset($data['keyword'])) {
LINE: 49
FILE: catalog/model/payment/pp_standard.php
CODE: 'AUD',
LINE: 21
----------------------------------------------------------------
2016-03-03 0:25:22 - MOD: Modification Default
FILE: system/engine/action.php
REGEX: ~(require|include)(_once)?\(([^)]+)~
LINE: 58
FILE: system/engine/loader.php
REGEX: ~(require|include)(_once)?\(([^)]+)~
LINE: 20
LINE: 37
LINE: 54
LINE: 65
FILE: system/library/config.php
REGEX: ~(require|include)(_once)?\(([^)]+)~
LINE: 23
FILE: system/library/language.php
REGEX: ~(require|include)(_once)?\(([^)]+)~
LINE: 21
LINE: 27
----------------------------------------------------------------
MOD: Tweak for OpenCart 2x Russkaya sborka
FILE: admin/view/template/common/header.tpl
CODE: <?php foreach ($links as $link) { ?>
LINE: 35
CODE: <li><a href="http://www.opencart.com" target="_blank"><?php echo $text_homepage; ?></a></li>
LINE: 80
CODE: <li><a href="http://docs.opencart.com" target="_blank"><?php echo $text_documentation; ?></a></li>
LINE: 83
CODE: <li><a href="http://forum.opencart.com" target="_blank"><?php echo $text_support; ?></a></li>
LINE: 86
FILE: admin/view/template/common/menu.tpl
CODE: <li><a href="<?php echo $fraud; ?>"><?php echo $text_fraud; ?></a></li>
LINE: 30
FILE: admin/view/template/catalog/product_form.tpl
CODE: <label class="col-sm-2 control-label" for="input-sku"><span data-toggle="tooltip" title="<?php echo $help_sku; ?>"><?php echo $entry_sku; ?></span></label>
LINE: 125
CODE: <label class="col-sm-2 control-label" for="input-sku">
LINE: 131
CODE: <label class="col-sm-2 control-label" for="input-location"><?php echo $entry_location; ?></label>
LINE: 171
CODE: <input type="text" name="model" value="<?php echo $model; ?>" placeholder="<?php echo $entry_model; ?>" id="input-model" class="form-control" />
LINE: 110
FILE: admin/model/catalog/category.php
CODE: if (isset($data['keyword'])) {
LINE: 49
FILE: catalog/model/payment/pp_standard.php
CODE: 'AUD',
LINE: 21
----------------------------------------------------------------
2016-03-03 0:25:51 - MOD: Modification Default
FILE: system/engine/action.php
REGEX: ~(require|include)(_once)?\(([^)]+)~
LINE: 58
FILE: system/engine/loader.php
REGEX: ~(require|include)(_once)?\(([^)]+)~
LINE: 20
LINE: 37
LINE: 54
LINE: 65
FILE: system/library/config.php
REGEX: ~(require|include)(_once)?\(([^)]+)~
LINE: 23
FILE: system/library/language.php
REGEX: ~(require|include)(_once)?\(([^)]+)~
LINE: 21
LINE: 27
----------------------------------------------------------------
MOD: Tweak for OpenCart 2x Russkaya sborka
FILE: admin/view/template/common/header.tpl
CODE: <?php foreach ($links as $link) { ?>
LINE: 35
CODE: <li><a href="http://www.opencart.com" target="_blank"><?php echo $text_homepage; ?></a></li>
LINE: 80
CODE: <li><a href="http://docs.opencart.com" target="_blank"><?php echo $text_documentation; ?></a></li>
LINE: 83
CODE: <li><a href="http://forum.opencart.com" target="_blank"><?php echo $text_support; ?></a></li>
LINE: 86
FILE: admin/view/template/common/menu.tpl
CODE: <li><a href="<?php echo $fraud; ?>"><?php echo $text_fraud; ?></a></li>
LINE: 30
FILE: admin/view/template/catalog/product_form.tpl
CODE: <label class="col-sm-2 control-label" for="input-sku"><span data-toggle="tooltip" title="<?php echo $help_sku; ?>"><?php echo $entry_sku; ?></span></label>
LINE: 126
CODE: <label class="col-sm-2 control-label" for="input-sku">
LINE: 132
CODE: <label class="col-sm-2 control-label" for="input-location"><?php echo $entry_location; ?></label>
LINE: 172
CODE: <input type="text" name="model" value="<?php echo $model; ?>" placeholder="<?php echo $entry_model; ?>" id="input-model" class="form-control" />
LINE: 110
FILE: admin/model/catalog/category.php
CODE: if (isset($data['keyword'])) {
LINE: 49
FILE: catalog/model/payment/pp_standard.php
CODE: 'AUD',
LINE: 21
----------------------------------------------------------------
2016-03-03 0:26:18 - MOD: Modification Default
FILE: system/engine/action.php
REGEX: ~(require|include)(_once)?\(([^)]+)~
LINE: 58
FILE: system/engine/loader.php
REGEX: ~(require|include)(_once)?\(([^)]+)~
LINE: 20
LINE: 37
LINE: 54
LINE: 65
FILE: system/library/config.php
REGEX: ~(require|include)(_once)?\(([^)]+)~
LINE: 23
FILE: system/library/language.php
REGEX: ~(require|include)(_once)?\(([^)]+)~
LINE: 21
LINE: 27
----------------------------------------------------------------
MOD: Tweak for OpenCart 2x Russkaya sborka
FILE: admin/view/template/common/header.tpl
CODE: <?php foreach ($links as $link) { ?>
LINE: 35
CODE: <li><a href="http://www.opencart.com" target="_blank"><?php echo $text_homepage; ?></a></li>
LINE: 80
CODE: <li><a href="http://docs.opencart.com" target="_blank"><?php echo $text_documentation; ?></a></li>
LINE: 83
CODE: <li><a href="http://forum.opencart.com" target="_blank"><?php echo $text_support; ?></a></li>
LINE: 86
FILE: admin/view/template/common/menu.tpl
CODE: <li><a href="<?php echo $fraud; ?>"><?php echo $text_fraud; ?></a></li>
LINE: 30
FILE: admin/view/template/catalog/product_form.tpl
CODE: <label class="col-sm-2 control-label" for="input-sku"><span data-toggle="tooltip" title="<?php echo $help_sku; ?>"><?php echo $entry_sku; ?></span></label>
LINE: 125
LINE: 130
CODE: <label class="col-sm-2 control-label" for="input-sku">
LINE: 131
LINE: 147
CODE: <label class="col-sm-2 control-label" for="input-location"><?php echo $entry_location; ?></label>
LINE: 188
CODE: <input type="text" name="model" value="<?php echo $model; ?>" placeholder="<?php echo $entry_model; ?>" id="input-model" class="form-control" />
LINE: 110
FILE: admin/model/catalog/category.php
CODE: if (isset($data['keyword'])) {
LINE: 49
FILE: catalog/model/payment/pp_standard.php
CODE: 'AUD',
LINE: 21
----------------------------------------------------------------
2016-03-03 0:27:43 - MOD: Modification Default
FILE: system/engine/action.php
REGEX: ~(require|include)(_once)?\(([^)]+)~
LINE: 58
FILE: system/engine/loader.php
REGEX: ~(require|include)(_once)?\(([^)]+)~
LINE: 20
LINE: 37
LINE: 54
LINE: 65
FILE: system/library/config.php
REGEX: ~(require|include)(_once)?\(([^)]+)~
LINE: 23
FILE: system/library/language.php
REGEX: ~(require|include)(_once)?\(([^)]+)~
LINE: 21
LINE: 27
----------------------------------------------------------------
MOD: Tweak for OpenCart 2x Russkaya sborka
FILE: admin/view/template/common/header.tpl
CODE: <?php foreach ($links as $link) { ?>
LINE: 35
CODE: <li><a href="http://www.opencart.com" target="_blank"><?php echo $text_homepage; ?></a></li>
LINE: 80
CODE: <li><a href="http://docs.opencart.com" target="_blank"><?php echo $text_documentation; ?></a></li>
LINE: 83
CODE: <li><a href="http://forum.opencart.com" target="_blank"><?php echo $text_support; ?></a></li>
LINE: 86
FILE: admin/view/template/common/menu.tpl
CODE: <li><a href="<?php echo $fraud; ?>"><?php echo $text_fraud; ?></a></li>
LINE: 30
FILE: admin/view/template/catalog/product_form.tpl
CODE: <label class="col-sm-2 control-label" for="input-sku"><span data-toggle="tooltip" title="<?php echo $help_sku; ?>"><?php echo $entry_sku; ?></span></label>
LINE: 125
CODE: <label class="col-sm-2 control-label" for="input-sku">
LINE: 131
CODE: <label class="col-sm-2 control-label" for="input-location"><?php echo $entry_location; ?></label>
LINE: 171
CODE: <input type="text" name="model" value="<?php echo $model; ?>" placeholder="<?php echo $entry_model; ?>" id="input-model" class="form-control" />
LINE: 110
FILE: admin/model/catalog/category.php
CODE: if (isset($data['keyword'])) {
LINE: 49
FILE: catalog/model/payment/pp_standard.php
CODE: 'AUD',
LINE: 21
----------------------------------------------------------------
2016-03-03 0:28:20 - MOD: Modification Default
FILE: system/engine/action.php
REGEX: ~(require|include)(_once)?\(([^)]+)~
LINE: 58
FILE: system/engine/loader.php
REGEX: ~(require|include)(_once)?\(([^)]+)~
LINE: 20
LINE: 37
LINE: 54
LINE: 65
FILE: system/library/config.php
REGEX: ~(require|include)(_once)?\(([^)]+)~
LINE: 23
FILE: system/library/language.php
REGEX: ~(require|include)(_once)?\(([^)]+)~
LINE: 21
LINE: 27
----------------------------------------------------------------
MOD: Tweak for OpenCart 2x Russkaya sborka
FILE: admin/view/template/common/header.tpl
CODE: <?php foreach ($links as $link) { ?>
LINE: 35
CODE: <li><a href="http://www.opencart.com" target="_blank"><?php echo $text_homepage; ?></a></li>
LINE: 80
CODE: <li><a href="http://docs.opencart.com" target="_blank"><?php echo $text_documentation; ?></a></li>
LINE: 83
CODE: <li><a href="http://forum.opencart.com" target="_blank"><?php echo $text_support; ?></a></li>
LINE: 86
FILE: admin/view/template/common/menu.tpl
CODE: <li><a href="<?php echo $fraud; ?>"><?php echo $text_fraud; ?></a></li>
LINE: 30
FILE: admin/view/template/catalog/product_form.tpl
CODE: <label class="col-sm-2 control-label" for="input-sku"><span data-toggle="tooltip" title="<?php echo $help_sku; ?>"><?php echo $entry_sku; ?></span></label>
LINE: 125
CODE: <label class="col-sm-2 control-label" for="input-sku">
LINE: 131
CODE: <label class="col-sm-2 control-label" for="input-location"><?php echo $entry_location; ?></label>
LINE: 171
CODE: <input type="text" name="model" value="<?php echo $model; ?>" placeholder="<?php echo $entry_model; ?>" id="input-model" class="form-control" />
LINE: 110
FILE: admin/model/catalog/category.php
CODE: if (isset($data['keyword'])) {
LINE: 49
FILE: catalog/model/payment/pp_standard.php
CODE: 'AUD',
LINE: 21
----------------------------------------------------------------
2016-03-03 12:43:16 - MOD: Modification Default
FILE: system/engine/action.php
REGEX: ~(require|include)(_once)?\(([^)]+)~
LINE: 58
FILE: system/engine/loader.php
REGEX: ~(require|include)(_once)?\(([^)]+)~
LINE: 20
LINE: 37
LINE: 54
LINE: 65
FILE: system/library/config.php
REGEX: ~(require|include)(_once)?\(([^)]+)~
LINE: 23
FILE: system/library/language.php
REGEX: ~(require|include)(_once)?\(([^)]+)~
LINE: 21
LINE: 27
----------------------------------------------------------------
MOD: Tweak for OpenCart 2x Russkaya sborka
FILE: admin/view/template/common/header.tpl
CODE: <?php foreach ($links as $link) { ?>
LINE: 35
CODE: <li><a href="http://www.opencart.com" target="_blank"><?php echo $text_homepage; ?></a></li>
LINE: 80
CODE: <li><a href="http://docs.opencart.com" target="_blank"><?php echo $text_documentation; ?></a></li>
LINE: 83
CODE: <li><a href="http://forum.opencart.com" target="_blank"><?php echo $text_support; ?></a></li>
LINE: 86
FILE: admin/view/template/common/menu.tpl
CODE: <li><a href="<?php echo $fraud; ?>"><?php echo $text_fraud; ?></a></li>
LINE: 30
FILE: admin/view/template/catalog/product_form.tpl
CODE: <label class="col-sm-2 control-label" for="input-sku"><span data-toggle="tooltip" title="<?php echo $help_sku; ?>"><?php echo $entry_sku; ?></span></label>
LINE: 150
CODE: <label class="col-sm-2 control-label" for="input-sku">
LINE: 156
CODE: <label class="col-sm-2 control-label" for="input-location"><?php echo $entry_location; ?></label>
LINE: 196
CODE: <input type="text" name="model" value="<?php echo $model; ?>" placeholder="<?php echo $entry_model; ?>" id="input-model" class="form-control" />
LINE: 110
FILE: admin/model/catalog/category.php
CODE: if (isset($data['keyword'])) {
LINE: 49
FILE: catalog/model/payment/pp_standard.php
CODE: 'AUD',
LINE: 21
----------------------------------------------------------------
2016-03-03 12:43:45 - MOD: Modification Default
FILE: system/engine/action.php
REGEX: ~(require|include)(_once)?\(([^)]+)~
LINE: 58
FILE: system/engine/loader.php
REGEX: ~(require|include)(_once)?\(([^)]+)~
LINE: 20
LINE: 37
LINE: 54
LINE: 65
FILE: system/library/config.php
REGEX: ~(require|include)(_once)?\(([^)]+)~
LINE: 23
FILE: system/library/language.php
REGEX: ~(require|include)(_once)?\(([^)]+)~
LINE: 21
LINE: 27
----------------------------------------------------------------
MOD: Tweak for OpenCart 2x Russkaya sborka
FILE: admin/view/template/common/header.tpl
CODE: <?php foreach ($links as $link) { ?>
LINE: 35
CODE: <li><a href="http://www.opencart.com" target="_blank"><?php echo $text_homepage; ?></a></li>
LINE: 80
CODE: <li><a href="http://docs.opencart.com" target="_blank"><?php echo $text_documentation; ?></a></li>
LINE: 83
CODE: <li><a href="http://forum.opencart.com" target="_blank"><?php echo $text_support; ?></a></li>
LINE: 86
FILE: admin/view/template/common/menu.tpl
CODE: <li><a href="<?php echo $fraud; ?>"><?php echo $text_fraud; ?></a></li>
LINE: 30
FILE: admin/view/template/catalog/product_form.tpl
CODE: <label class="col-sm-2 control-label" for="input-sku"><span data-toggle="tooltip" title="<?php echo $help_sku; ?>"><?php echo $entry_sku; ?></span></label>
LINE: 126
CODE: <label class="col-sm-2 control-label" for="input-sku">
LINE: 132
CODE: <label class="col-sm-2 control-label" for="input-location"><?php echo $entry_location; ?></label>
LINE: 172
CODE: <input type="text" name="model" value="<?php echo $model; ?>" placeholder="<?php echo $entry_model; ?>" id="input-model" class="form-control" />
LINE: 110
FILE: admin/model/catalog/category.php
CODE: if (isset($data['keyword'])) {
LINE: 49
FILE: catalog/model/payment/pp_standard.php
CODE: 'AUD',
LINE: 21
----------------------------------------------------------------
2016-03-03 12:45:59 - MOD: Modification Default
FILE: system/engine/action.php
REGEX: ~(require|include)(_once)?\(([^)]+)~
LINE: 58
FILE: system/engine/loader.php
REGEX: ~(require|include)(_once)?\(([^)]+)~
LINE: 20
LINE: 37
LINE: 54
LINE: 65
FILE: system/library/config.php
REGEX: ~(require|include)(_once)?\(([^)]+)~
LINE: 23
FILE: system/library/language.php
REGEX: ~(require|include)(_once)?\(([^)]+)~
LINE: 21
LINE: 27
----------------------------------------------------------------
MOD: Tweak for OpenCart 2x Russkaya sborka
FILE: admin/view/template/common/header.tpl
CODE: <?php foreach ($links as $link) { ?>
LINE: 35
CODE: <li><a href="http://www.opencart.com" target="_blank"><?php echo $text_homepage; ?></a></li>
LINE: 80
CODE: <li><a href="http://docs.opencart.com" target="_blank"><?php echo $text_documentation; ?></a></li>
LINE: 83
CODE: <li><a href="http://forum.opencart.com" target="_blank"><?php echo $text_support; ?></a></li>
LINE: 86
FILE: admin/view/template/common/menu.tpl
CODE: <li><a href="<?php echo $fraud; ?>"><?php echo $text_fraud; ?></a></li>
LINE: 30
FILE: admin/view/template/catalog/product_form.tpl
CODE: <label class="col-sm-2 control-label" for="input-sku"><span data-toggle="tooltip" title="<?php echo $help_sku; ?>"><?php echo $entry_sku; ?></span></label>
LINE: 154
CODE: <label class="col-sm-2 control-label" for="input-sku">
LINE: 160
CODE: <label class="col-sm-2 control-label" for="input-location"><?php echo $entry_location; ?></label>
LINE: 200
CODE: <input type="text" name="model" value="<?php echo $model; ?>" placeholder="<?php echo $entry_model; ?>" id="input-model" class="form-control" />
LINE: 110
FILE: admin/model/catalog/category.php
CODE: if (isset($data['keyword'])) {
LINE: 49
FILE: catalog/model/payment/pp_standard.php
CODE: 'AUD',
LINE: 21
----------------------------------------------------------------
2016-03-03 12:51:54 - MOD: Modification Default
FILE: system/engine/action.php
REGEX: ~(require|include)(_once)?\(([^)]+)~
LINE: 58
FILE: system/engine/loader.php
REGEX: ~(require|include)(_once)?\(([^)]+)~
LINE: 20
LINE: 37
LINE: 54
LINE: 65
FILE: system/library/config.php
REGEX: ~(require|include)(_once)?\(([^)]+)~
LINE: 23
FILE: system/library/language.php
REGEX: ~(require|include)(_once)?\(([^)]+)~
LINE: 21
LINE: 27
----------------------------------------------------------------
MOD: Tweak for OpenCart 2x Russkaya sborka
FILE: admin/view/template/common/header.tpl
CODE: <?php foreach ($links as $link) { ?>
LINE: 35
CODE: <li><a href="http://www.opencart.com" target="_blank"><?php echo $text_homepage; ?></a></li>
LINE: 80
CODE: <li><a href="http://docs.opencart.com" target="_blank"><?php echo $text_documentation; ?></a></li>
LINE: 83
CODE: <li><a href="http://forum.opencart.com" target="_blank"><?php echo $text_support; ?></a></li>
LINE: 86
FILE: admin/view/template/common/menu.tpl
CODE: <li><a href="<?php echo $fraud; ?>"><?php echo $text_fraud; ?></a></li>
LINE: 30
FILE: admin/view/template/catalog/product_form.tpl
CODE: <label class="col-sm-2 control-label" for="input-sku"><span data-toggle="tooltip" title="<?php echo $help_sku; ?>"><?php echo $entry_sku; ?></span></label>
LINE: 154
CODE: <label class="col-sm-2 control-label" for="input-sku">
LINE: 160
CODE: <label class="col-sm-2 control-label" for="input-location"><?php echo $entry_location; ?></label>
LINE: 200
CODE: <input type="text" name="model" value="<?php echo $model; ?>" placeholder="<?php echo $entry_model; ?>" id="input-model" class="form-control" />
LINE: 110
FILE: admin/model/catalog/category.php
CODE: if (isset($data['keyword'])) {
LINE: 49
FILE: catalog/model/payment/pp_standard.php
CODE: 'AUD',
LINE: 21
----------------------------------------------------------------
2016-03-03 12:53:44 - MOD: Modification Default
FILE: system/engine/action.php
REGEX: ~(require|include)(_once)?\(([^)]+)~
LINE: 58
FILE: system/engine/loader.php
REGEX: ~(require|include)(_once)?\(([^)]+)~
LINE: 20
LINE: 37
LINE: 54
LINE: 65
FILE: system/library/config.php
REGEX: ~(require|include)(_once)?\(([^)]+)~
LINE: 23
FILE: system/library/language.php
REGEX: ~(require|include)(_once)?\(([^)]+)~
LINE: 21
LINE: 27
----------------------------------------------------------------
MOD: Tweak for OpenCart 2x Russkaya sborka
FILE: admin/view/template/common/header.tpl
CODE: <?php foreach ($links as $link) { ?>
LINE: 35
CODE: <li><a href="http://www.opencart.com" target="_blank"><?php echo $text_homepage; ?></a></li>
LINE: 80
CODE: <li><a href="http://docs.opencart.com" target="_blank"><?php echo $text_documentation; ?></a></li>
LINE: 83
CODE: <li><a href="http://forum.opencart.com" target="_blank"><?php echo $text_support; ?></a></li>
LINE: 86
FILE: admin/view/template/common/menu.tpl
CODE: <li><a href="<?php echo $fraud; ?>"><?php echo $text_fraud; ?></a></li>
LINE: 30
FILE: admin/view/template/catalog/product_form.tpl
CODE: <label class="col-sm-2 control-label" for="input-sku"><span data-toggle="tooltip" title="<?php echo $help_sku; ?>"><?php echo $entry_sku; ?></span></label>
LINE: 128
CODE: <label class="col-sm-2 control-label" for="input-sku">
LINE: 134
CODE: <label class="col-sm-2 control-label" for="input-location"><?php echo $entry_location; ?></label>
LINE: 174
CODE: <input type="text" name="model" value="<?php echo $model; ?>" placeholder="<?php echo $entry_model; ?>" id="input-model" class="form-control" />
LINE: 110
FILE: admin/model/catalog/category.php
CODE: if (isset($data['keyword'])) {
LINE: 49
FILE: catalog/model/payment/pp_standard.php
CODE: 'AUD',
LINE: 21
----------------------------------------------------------------
2016-03-03 12:54:47 - MOD: Modification Default
FILE: system/engine/action.php
REGEX: ~(require|include)(_once)?\(([^)]+)~
LINE: 58
FILE: system/engine/loader.php
REGEX: ~(require|include)(_once)?\(([^)]+)~
LINE: 20
LINE: 37
LINE: 54
LINE: 65
FILE: system/library/config.php
REGEX: ~(require|include)(_once)?\(([^)]+)~
LINE: 23
FILE: system/library/language.php
REGEX: ~(require|include)(_once)?\(([^)]+)~
LINE: 21
LINE: 27
----------------------------------------------------------------
MOD: Tweak for OpenCart 2x Russkaya sborka
FILE: admin/view/template/common/header.tpl
CODE: <?php foreach ($links as $link) { ?>
LINE: 35
CODE: <li><a href="http://www.opencart.com" target="_blank"><?php echo $text_homepage; ?></a></li>
LINE: 80
CODE: <li><a href="http://docs.opencart.com" target="_blank"><?php echo $text_documentation; ?></a></li>
LINE: 83
CODE: <li><a href="http://forum.opencart.com" target="_blank"><?php echo $text_support; ?></a></li>
LINE: 86
FILE: admin/view/template/common/menu.tpl
CODE: <li><a href="<?php echo $fraud; ?>"><?php echo $text_fraud; ?></a></li>
LINE: 30
FILE: admin/view/template/catalog/product_form.tpl
CODE: <label class="col-sm-2 control-label" for="input-sku"><span data-toggle="tooltip" title="<?php echo $help_sku; ?>"><?php echo $entry_sku; ?></span></label>
LINE: 154
CODE: <label class="col-sm-2 control-label" for="input-sku">
LINE: 160
CODE: <label class="col-sm-2 control-label" for="input-location"><?php echo $entry_location; ?></label>
LINE: 200
CODE: <input type="text" name="model" value="<?php echo $model; ?>" placeholder="<?php echo $entry_model; ?>" id="input-model" class="form-control" />
LINE: 110
FILE: admin/model/catalog/category.php
CODE: if (isset($data['keyword'])) {
LINE: 49
FILE: catalog/model/payment/pp_standard.php
CODE: 'AUD',
LINE: 21
----------------------------------------------------------------
2016-03-03 12:55:28 - MOD: Modification Default
FILE: system/engine/action.php
REGEX: ~(require|include)(_once)?\(([^)]+)~
LINE: 58
FILE: system/engine/loader.php
REGEX: ~(require|include)(_once)?\(([^)]+)~
LINE: 20
LINE: 37
LINE: 54
LINE: 65
FILE: system/library/config.php
REGEX: ~(require|include)(_once)?\(([^)]+)~
LINE: 23
FILE: system/library/language.php
REGEX: ~(require|include)(_once)?\(([^)]+)~
LINE: 21
LINE: 27
----------------------------------------------------------------
MOD: Tweak for OpenCart 2x Russkaya sborka
FILE: admin/view/template/common/header.tpl
CODE: <?php foreach ($links as $link) { ?>
LINE: 35
CODE: <li><a href="http://www.opencart.com" target="_blank"><?php echo $text_homepage; ?></a></li>
LINE: 80
CODE: <li><a href="http://docs.opencart.com" target="_blank"><?php echo $text_documentation; ?></a></li>
LINE: 83
CODE: <li><a href="http://forum.opencart.com" target="_blank"><?php echo $text_support; ?></a></li>
LINE: 86
FILE: admin/view/template/common/menu.tpl
CODE: <li><a href="<?php echo $fraud; ?>"><?php echo $text_fraud; ?></a></li>
LINE: 30
FILE: admin/view/template/catalog/product_form.tpl
CODE: <label class="col-sm-2 control-label" for="input-sku"><span data-toggle="tooltip" title="<?php echo $help_sku; ?>"><?php echo $entry_sku; ?></span></label>
LINE: 154
CODE: <label class="col-sm-2 control-label" for="input-sku">
LINE: 160
CODE: <label class="col-sm-2 control-label" for="input-location"><?php echo $entry_location; ?></label>
LINE: 200
CODE: <input type="text" name="model" value="<?php echo $model; ?>" placeholder="<?php echo $entry_model; ?>" id="input-model" class="form-control" />
LINE: 110
FILE: admin/model/catalog/category.php
CODE: if (isset($data['keyword'])) {
LINE: 49
FILE: catalog/model/payment/pp_standard.php
CODE: 'AUD',
LINE: 21
----------------------------------------------------------------
2016-03-03 12:57:49 - MOD: Modification Default
FILE: system/engine/action.php
REGEX: ~(require|include)(_once)?\(([^)]+)~
LINE: 58
FILE: system/engine/loader.php
REGEX: ~(require|include)(_once)?\(([^)]+)~
LINE: 20
LINE: 37
LINE: 54
LINE: 65
FILE: system/library/config.php
REGEX: ~(require|include)(_once)?\(([^)]+)~
LINE: 23
FILE: system/library/language.php
REGEX: ~(require|include)(_once)?\(([^)]+)~
LINE: 21
LINE: 27
----------------------------------------------------------------
MOD: Tweak for OpenCart 2x Russkaya sborka
FILE: admin/view/template/common/header.tpl
CODE: <?php foreach ($links as $link) { ?>
LINE: 35
CODE: <li><a href="http://www.opencart.com" target="_blank"><?php echo $text_homepage; ?></a></li>
LINE: 80
CODE: <li><a href="http://docs.opencart.com" target="_blank"><?php echo $text_documentation; ?></a></li>
LINE: 83
CODE: <li><a href="http://forum.opencart.com" target="_blank"><?php echo $text_support; ?></a></li>
LINE: 86
FILE: admin/view/template/common/menu.tpl
CODE: <li><a href="<?php echo $fraud; ?>"><?php echo $text_fraud; ?></a></li>
LINE: 30
FILE: admin/view/template/catalog/product_form.tpl
CODE: <label class="col-sm-2 control-label" for="input-sku"><span data-toggle="tooltip" title="<?php echo $help_sku; ?>"><?php echo $entry_sku; ?></span></label>
LINE: 154
CODE: <label class="col-sm-2 control-label" for="input-sku">
LINE: 160
CODE: <label class="col-sm-2 control-label" for="input-location"><?php echo $entry_location; ?></label>
LINE: 200
CODE: <input type="text" name="model" value="<?php echo $model; ?>" placeholder="<?php echo $entry_model; ?>" id="input-model" class="form-control" />
LINE: 110
FILE: admin/model/catalog/category.php
CODE: if (isset($data['keyword'])) {
LINE: 49
FILE: catalog/model/payment/pp_standard.php
CODE: 'AUD',
LINE: 21
----------------------------------------------------------------
2016-03-03 12:58:29 - MOD: Modification Default
FILE: system/engine/action.php
REGEX: ~(require|include)(_once)?\(([^)]+)~
LINE: 58
FILE: system/engine/loader.php
REGEX: ~(require|include)(_once)?\(([^)]+)~
LINE: 20
LINE: 37
LINE: 54
LINE: 65
FILE: system/library/config.php
REGEX: ~(require|include)(_once)?\(([^)]+)~
LINE: 23
FILE: system/library/language.php
REGEX: ~(require|include)(_once)?\(([^)]+)~
LINE: 21
LINE: 27
----------------------------------------------------------------
MOD: Tweak for OpenCart 2x Russkaya sborka
FILE: admin/view/template/common/header.tpl
CODE: <?php foreach ($links as $link) { ?>
LINE: 35
CODE: <li><a href="http://www.opencart.com" target="_blank"><?php echo $text_homepage; ?></a></li>
LINE: 80
CODE: <li><a href="http://docs.opencart.com" target="_blank"><?php echo $text_documentation; ?></a></li>
LINE: 83
CODE: <li><a href="http://forum.opencart.com" target="_blank"><?php echo $text_support; ?></a></li>
LINE: 86
FILE: admin/view/template/common/menu.tpl
CODE: <li><a href="<?php echo $fraud; ?>"><?php echo $text_fraud; ?></a></li>
LINE: 30
FILE: admin/view/template/catalog/product_form.tpl
CODE: <label class="col-sm-2 control-label" for="input-sku"><span data-toggle="tooltip" title="<?php echo $help_sku; ?>"><?php echo $entry_sku; ?></span></label>
LINE: 154
CODE: <label class="col-sm-2 control-label" for="input-sku">
LINE: 160
CODE: <label class="col-sm-2 control-label" for="input-location"><?php echo $entry_location; ?></label>
LINE: 200
CODE: <input type="text" name="model" value="<?php echo $model; ?>" placeholder="<?php echo $entry_model; ?>" id="input-model" class="form-control" />
LINE: 110
FILE: admin/model/catalog/category.php
CODE: if (isset($data['keyword'])) {
LINE: 49
FILE: catalog/model/payment/pp_standard.php
CODE: 'AUD',
LINE: 21
----------------------------------------------------------------
2016-03-03 12:59:32 - MOD: Modification Default
FILE: system/engine/action.php
REGEX: ~(require|include)(_once)?\(([^)]+)~
LINE: 58
FILE: system/engine/loader.php
REGEX: ~(require|include)(_once)?\(([^)]+)~
LINE: 20
LINE: 37
LINE: 54
LINE: 65
FILE: system/library/config.php
REGEX: ~(require|include)(_once)?\(([^)]+)~
LINE: 23
FILE: system/library/language.php
REGEX: ~(require|include)(_once)?\(([^)]+)~
LINE: 21
LINE: 27
----------------------------------------------------------------
MOD: Tweak for OpenCart 2x Russkaya sborka
FILE: admin/view/template/common/header.tpl
CODE: <?php foreach ($links as $link) { ?>
LINE: 35
CODE: <li><a href="http://www.opencart.com" target="_blank"><?php echo $text_homepage; ?></a></li>
LINE: 80
CODE: <li><a href="http://docs.opencart.com" target="_blank"><?php echo $text_documentation; ?></a></li>
LINE: 83
CODE: <li><a href="http://forum.opencart.com" target="_blank"><?php echo $text_support; ?></a></li>
LINE: 86
FILE: admin/view/template/common/menu.tpl
CODE: <li><a href="<?php echo $fraud; ?>"><?php echo $text_fraud; ?></a></li>
LINE: 30
FILE: admin/view/template/catalog/product_form.tpl
CODE: <label class="col-sm-2 control-label" for="input-sku"><span data-toggle="tooltip" title="<?php echo $help_sku; ?>"><?php echo $entry_sku; ?></span></label>
LINE: 154
CODE: <label class="col-sm-2 control-label" for="input-sku">
LINE: 160
CODE: <label class="col-sm-2 control-label" for="input-location"><?php echo $entry_location; ?></label>
LINE: 200
CODE: <input type="text" name="model" value="<?php echo $model; ?>" placeholder="<?php echo $entry_model; ?>" id="input-model" class="form-control" />
LINE: 110
FILE: admin/model/catalog/category.php
CODE: if (isset($data['keyword'])) {
LINE: 49
FILE: catalog/model/payment/pp_standard.php
CODE: 'AUD',
LINE: 21
----------------------------------------------------------------
2016-03-03 13:00:17 - MOD: Modification Default
FILE: system/engine/action.php
REGEX: ~(require|include)(_once)?\(([^)]+)~
LINE: 58
FILE: system/engine/loader.php
REGEX: ~(require|include)(_once)?\(([^)]+)~
LINE: 20
LINE: 37
LINE: 54
LINE: 65
FILE: system/library/config.php
REGEX: ~(require|include)(_once)?\(([^)]+)~
LINE: 23
FILE: system/library/language.php
REGEX: ~(require|include)(_once)?\(([^)]+)~
LINE: 21
LINE: 27
----------------------------------------------------------------
MOD: Tweak for OpenCart 2x Russkaya sborka
FILE: admin/view/template/common/header.tpl
CODE: <?php foreach ($links as $link) { ?>
LINE: 35
CODE: <li><a href="http://www.opencart.com" target="_blank"><?php echo $text_homepage; ?></a></li>
LINE: 80
CODE: <li><a href="http://docs.opencart.com" target="_blank"><?php echo $text_documentation; ?></a></li>
LINE: 83
CODE: <li><a href="http://forum.opencart.com" target="_blank"><?php echo $text_support; ?></a></li>
LINE: 86
FILE: admin/view/template/common/menu.tpl
CODE: <li><a href="<?php echo $fraud; ?>"><?php echo $text_fraud; ?></a></li>
LINE: 30
FILE: admin/view/template/catalog/product_form.tpl
CODE: <label class="col-sm-2 control-label" for="input-sku"><span data-toggle="tooltip" title="<?php echo $help_sku; ?>"><?php echo $entry_sku; ?></span></label>
LINE: 154
CODE: <label class="col-sm-2 control-label" for="input-sku">
LINE: 160
CODE: <label class="col-sm-2 control-label" for="input-location"><?php echo $entry_location; ?></label>
LINE: 200
CODE: <input type="text" name="model" value="<?php echo $model; ?>" placeholder="<?php echo $entry_model; ?>" id="input-model" class="form-control" />
LINE: 110
FILE: admin/model/catalog/category.php
CODE: if (isset($data['keyword'])) {
LINE: 49
FILE: catalog/model/payment/pp_standard.php
CODE: 'AUD',
LINE: 21
----------------------------------------------------------------
2016-03-03 13:00:41 - MOD: Modification Default
FILE: system/engine/action.php
REGEX: ~(require|include)(_once)?\(([^)]+)~
LINE: 58
FILE: system/engine/loader.php
REGEX: ~(require|include)(_once)?\(([^)]+)~
LINE: 20
LINE: 37
LINE: 54
LINE: 65
FILE: system/library/config.php
REGEX: ~(require|include)(_once)?\(([^)]+)~
LINE: 23
FILE: system/library/language.php
REGEX: ~(require|include)(_once)?\(([^)]+)~
LINE: 21
LINE: 27
----------------------------------------------------------------
MOD: Tweak for OpenCart 2x Russkaya sborka
FILE: admin/view/template/common/header.tpl
CODE: <?php foreach ($links as $link) { ?>
LINE: 35
CODE: <li><a href="http://www.opencart.com" target="_blank"><?php echo $text_homepage; ?></a></li>
LINE: 80
CODE: <li><a href="http://docs.opencart.com" target="_blank"><?php echo $text_documentation; ?></a></li>
LINE: 83
CODE: <li><a href="http://forum.opencart.com" target="_blank"><?php echo $text_support; ?></a></li>
LINE: 86
FILE: admin/view/template/common/menu.tpl
CODE: <li><a href="<?php echo $fraud; ?>"><?php echo $text_fraud; ?></a></li>
LINE: 30
FILE: admin/view/template/catalog/product_form.tpl
CODE: <label class="col-sm-2 control-label" for="input-sku"><span data-toggle="tooltip" title="<?php echo $help_sku; ?>"><?php echo $entry_sku; ?></span></label>
LINE: 154
CODE: <label class="col-sm-2 control-label" for="input-sku">
LINE: 160
CODE: <label class="col-sm-2 control-label" for="input-location"><?php echo $entry_location; ?></label>
LINE: 200
CODE: <input type="text" name="model" value="<?php echo $model; ?>" placeholder="<?php echo $entry_model; ?>" id="input-model" class="form-control" />
LINE: 110
FILE: admin/model/catalog/category.php
CODE: if (isset($data['keyword'])) {
LINE: 49
FILE: catalog/model/payment/pp_standard.php
CODE: 'AUD',
LINE: 21
----------------------------------------------------------------
2016-03-03 13:01:14 - MOD: Modification Default
FILE: system/engine/action.php
REGEX: ~(require|include)(_once)?\(([^)]+)~
LINE: 58
FILE: system/engine/loader.php
REGEX: ~(require|include)(_once)?\(([^)]+)~
LINE: 20
LINE: 37
LINE: 54
LINE: 65
FILE: system/library/config.php
REGEX: ~(require|include)(_once)?\(([^)]+)~
LINE: 23
FILE: system/library/language.php
REGEX: ~(require|include)(_once)?\(([^)]+)~
LINE: 21
LINE: 27
----------------------------------------------------------------
MOD: Tweak for OpenCart 2x Russkaya sborka
FILE: admin/view/template/common/header.tpl
CODE: <?php foreach ($links as $link) { ?>
LINE: 35
CODE: <li><a href="http://www.opencart.com" target="_blank"><?php echo $text_homepage; ?></a></li>
LINE: 80
CODE: <li><a href="http://docs.opencart.com" target="_blank"><?php echo $text_documentation; ?></a></li>
LINE: 83
CODE: <li><a href="http://forum.opencart.com" target="_blank"><?php echo $text_support; ?></a></li>
LINE: 86
FILE: admin/view/template/common/menu.tpl
CODE: <li><a href="<?php echo $fraud; ?>"><?php echo $text_fraud; ?></a></li>
LINE: 30
FILE: admin/view/template/catalog/product_form.tpl
CODE: <label class="col-sm-2 control-label" for="input-sku"><span data-toggle="tooltip" title="<?php echo $help_sku; ?>"><?php echo $entry_sku; ?></span></label>
LINE: 154
CODE: <label class="col-sm-2 control-label" for="input-sku">
LINE: 160
CODE: <label class="col-sm-2 control-label" for="input-location"><?php echo $entry_location; ?></label>
LINE: 200
CODE: <input type="text" name="model" value="<?php echo $model; ?>" placeholder="<?php echo $entry_model; ?>" id="input-model" class="form-control" />
LINE: 110
FILE: admin/model/catalog/category.php
CODE: if (isset($data['keyword'])) {
LINE: 49
FILE: catalog/model/payment/pp_standard.php
CODE: 'AUD',
LINE: 21
----------------------------------------------------------------
2016-03-03 13:01:35 - MOD: Modification Default
FILE: system/engine/action.php
REGEX: ~(require|include)(_once)?\(([^)]+)~
LINE: 58
FILE: system/engine/loader.php
REGEX: ~(require|include)(_once)?\(([^)]+)~
LINE: 20
LINE: 37
LINE: 54
LINE: 65
FILE: system/library/config.php
REGEX: ~(require|include)(_once)?\(([^)]+)~
LINE: 23
FILE: system/library/language.php
REGEX: ~(require|include)(_once)?\(([^)]+)~
LINE: 21
LINE: 27
----------------------------------------------------------------
MOD: Tweak for OpenCart 2x Russkaya sborka
FILE: admin/view/template/common/header.tpl
CODE: <?php foreach ($links as $link) { ?>
LINE: 35
CODE: <li><a href="http://www.opencart.com" target="_blank"><?php echo $text_homepage; ?></a></li>
LINE: 80
CODE: <li><a href="http://docs.opencart.com" target="_blank"><?php echo $text_documentation; ?></a></li>
LINE: 83
CODE: <li><a href="http://forum.opencart.com" target="_blank"><?php echo $text_support; ?></a></li>
LINE: 86
FILE: admin/view/template/common/menu.tpl
CODE: <li><a href="<?php echo $fraud; ?>"><?php echo $text_fraud; ?></a></li>
LINE: 30
FILE: admin/view/template/catalog/product_form.tpl
CODE: <label class="col-sm-2 control-label" for="input-sku"><span data-toggle="tooltip" title="<?php echo $help_sku; ?>"><?php echo $entry_sku; ?></span></label>
LINE: 154
CODE: <label class="col-sm-2 control-label" for="input-sku">
LINE: 160
CODE: <label class="col-sm-2 control-label" for="input-location"><?php echo $entry_location; ?></label>
LINE: 200
CODE: <input type="text" name="model" value="<?php echo $model; ?>" placeholder="<?php echo $entry_model; ?>" id="input-model" class="form-control" />
LINE: 110
FILE: admin/model/catalog/category.php
CODE: if (isset($data['keyword'])) {
LINE: 49
FILE: catalog/model/payment/pp_standard.php
CODE: 'AUD',
LINE: 21
----------------------------------------------------------------
2016-03-03 13:01:56 - MOD: Modification Default
FILE: system/engine/action.php
REGEX: ~(require|include)(_once)?\(([^)]+)~
LINE: 58
FILE: system/engine/loader.php
REGEX: ~(require|include)(_once)?\(([^)]+)~
LINE: 20
LINE: 37
LINE: 54
LINE: 65
FILE: system/library/config.php
REGEX: ~(require|include)(_once)?\(([^)]+)~
LINE: 23
FILE: system/library/language.php
REGEX: ~(require|include)(_once)?\(([^)]+)~
LINE: 21
LINE: 27
----------------------------------------------------------------
MOD: Tweak for OpenCart 2x Russkaya sborka
FILE: admin/view/template/common/header.tpl
CODE: <?php foreach ($links as $link) { ?>
LINE: 35
CODE: <li><a href="http://www.opencart.com" target="_blank"><?php echo $text_homepage; ?></a></li>
LINE: 80
CODE: <li><a href="http://docs.opencart.com" target="_blank"><?php echo $text_documentation; ?></a></li>
LINE: 83
CODE: <li><a href="http://forum.opencart.com" target="_blank"><?php echo $text_support; ?></a></li>
LINE: 86
FILE: admin/view/template/common/menu.tpl
CODE: <li><a href="<?php echo $fraud; ?>"><?php echo $text_fraud; ?></a></li>
LINE: 30
FILE: admin/view/template/catalog/product_form.tpl
CODE: <label class="col-sm-2 control-label" for="input-sku"><span data-toggle="tooltip" title="<?php echo $help_sku; ?>"><?php echo $entry_sku; ?></span></label>
LINE: 154
CODE: <label class="col-sm-2 control-label" for="input-sku">
LINE: 160
CODE: <label class="col-sm-2 control-label" for="input-location"><?php echo $entry_location; ?></label>
LINE: 200
CODE: <input type="text" name="model" value="<?php echo $model; ?>" placeholder="<?php echo $entry_model; ?>" id="input-model" class="form-control" />
LINE: 110
FILE: admin/model/catalog/category.php
CODE: if (isset($data['keyword'])) {
LINE: 49
FILE: catalog/model/payment/pp_standard.php
CODE: 'AUD',
LINE: 21
----------------------------------------------------------------
2016-03-03 13:02:24 - MOD: Modification Default
FILE: system/engine/action.php
REGEX: ~(require|include)(_once)?\(([^)]+)~
LINE: 58
FILE: system/engine/loader.php
REGEX: ~(require|include)(_once)?\(([^)]+)~
LINE: 20
LINE: 37
LINE: 54
LINE: 65
FILE: system/library/config.php
REGEX: ~(require|include)(_once)?\(([^)]+)~
LINE: 23
FILE: system/library/language.php
REGEX: ~(require|include)(_once)?\(([^)]+)~
LINE: 21
LINE: 27
----------------------------------------------------------------
MOD: Tweak for OpenCart 2x Russkaya sborka
FILE: admin/view/template/common/header.tpl
CODE: <?php foreach ($links as $link) { ?>
LINE: 35
CODE: <li><a href="http://www.opencart.com" target="_blank"><?php echo $text_homepage; ?></a></li>
LINE: 80
CODE: <li><a href="http://docs.opencart.com" target="_blank"><?php echo $text_documentation; ?></a></li>
LINE: 83
CODE: <li><a href="http://forum.opencart.com" target="_blank"><?php echo $text_support; ?></a></li>
LINE: 86
FILE: admin/view/template/common/menu.tpl
CODE: <li><a href="<?php echo $fraud; ?>"><?php echo $text_fraud; ?></a></li>
LINE: 30
FILE: admin/view/template/catalog/product_form.tpl
CODE: <label class="col-sm-2 control-label" for="input-sku"><span data-toggle="tooltip" title="<?php echo $help_sku; ?>"><?php echo $entry_sku; ?></span></label>
LINE: 154
CODE: <label class="col-sm-2 control-label" for="input-sku">
LINE: 160
CODE: <label class="col-sm-2 control-label" for="input-location"><?php echo $entry_location; ?></label>
LINE: 200
CODE: <input type="text" name="model" value="<?php echo $model; ?>" placeholder="<?php echo $entry_model; ?>" id="input-model" class="form-control" />
LINE: 110
FILE: admin/model/catalog/category.php
CODE: if (isset($data['keyword'])) {
LINE: 49
FILE: catalog/model/payment/pp_standard.php
CODE: 'AUD',
LINE: 21
----------------------------------------------------------------
2016-03-03 13:12:41 - MOD: Modification Default
FILE: system/engine/action.php
REGEX: ~(require|include)(_once)?\(([^)]+)~
LINE: 58
FILE: system/engine/loader.php
REGEX: ~(require|include)(_once)?\(([^)]+)~
LINE: 20
LINE: 37
LINE: 54
LINE: 65
FILE: system/library/config.php
REGEX: ~(require|include)(_once)?\(([^)]+)~
LINE: 23
FILE: system/library/language.php
REGEX: ~(require|include)(_once)?\(([^)]+)~
LINE: 21
LINE: 27
----------------------------------------------------------------
MOD: Tweak for OpenCart 2x Russkaya sborka
FILE: admin/view/template/common/header.tpl
CODE: <?php foreach ($links as $link) { ?>
LINE: 35
CODE: <li><a href="http://www.opencart.com" target="_blank"><?php echo $text_homepage; ?></a></li>
LINE: 80
CODE: <li><a href="http://docs.opencart.com" target="_blank"><?php echo $text_documentation; ?></a></li>
LINE: 83
CODE: <li><a href="http://forum.opencart.com" target="_blank"><?php echo $text_support; ?></a></li>
LINE: 86
FILE: admin/view/template/common/menu.tpl
CODE: <li><a href="<?php echo $fraud; ?>"><?php echo $text_fraud; ?></a></li>
LINE: 30
FILE: admin/view/template/catalog/product_form.tpl
CODE: <label class="col-sm-2 control-label" for="input-sku"><span data-toggle="tooltip" title="<?php echo $help_sku; ?>"><?php echo $entry_sku; ?></span></label>
LINE: 154
CODE: <label class="col-sm-2 control-label" for="input-sku">
LINE: 160
CODE: <label class="col-sm-2 control-label" for="input-location"><?php echo $entry_location; ?></label>
LINE: 200
CODE: <input type="text" name="model" value="<?php echo $model; ?>" placeholder="<?php echo $entry_model; ?>" id="input-model" class="form-control" />
LINE: 110
FILE: admin/model/catalog/category.php
CODE: if (isset($data['keyword'])) {
LINE: 49
FILE: catalog/model/payment/pp_standard.php
CODE: 'AUD',
LINE: 21
----------------------------------------------------------------
2016-03-03 13:15:34 - MOD: Modification Default
FILE: system/engine/action.php
REGEX: ~(require|include)(_once)?\(([^)]+)~
LINE: 58
FILE: system/engine/loader.php
REGEX: ~(require|include)(_once)?\(([^)]+)~
LINE: 20
LINE: 37
LINE: 54
LINE: 65
FILE: system/library/config.php
REGEX: ~(require|include)(_once)?\(([^)]+)~
LINE: 23
FILE: system/library/language.php
REGEX: ~(require|include)(_once)?\(([^)]+)~
LINE: 21
LINE: 27
----------------------------------------------------------------
MOD: Tweak for OpenCart 2x Russkaya sborka
FILE: admin/view/template/common/header.tpl
CODE: <?php foreach ($links as $link) { ?>
LINE: 35
CODE: <li><a href="http://www.opencart.com" target="_blank"><?php echo $text_homepage; ?></a></li>
LINE: 80
CODE: <li><a href="http://docs.opencart.com" target="_blank"><?php echo $text_documentation; ?></a></li>
LINE: 83
CODE: <li><a href="http://forum.opencart.com" target="_blank"><?php echo $text_support; ?></a></li>
LINE: 86
FILE: admin/view/template/common/menu.tpl
CODE: <li><a href="<?php echo $fraud; ?>"><?php echo $text_fraud; ?></a></li>
LINE: 30
FILE: admin/view/template/catalog/product_form.tpl
CODE: <label class="col-sm-2 control-label" for="input-sku"><span data-toggle="tooltip" title="<?php echo $help_sku; ?>"><?php echo $entry_sku; ?></span></label>
LINE: 154
CODE: <label class="col-sm-2 control-label" for="input-sku">
LINE: 160
CODE: <label class="col-sm-2 control-label" for="input-location"><?php echo $entry_location; ?></label>
LINE: 200
CODE: <input type="text" name="model" value="<?php echo $model; ?>" placeholder="<?php echo $entry_model; ?>" id="input-model" class="form-control" />
LINE: 110
FILE: admin/model/catalog/category.php
CODE: if (isset($data['keyword'])) {
LINE: 49
FILE: catalog/model/payment/pp_standard.php
CODE: 'AUD',
LINE: 21
----------------------------------------------------------------
2016-03-03 13:19:02 - MOD: Modification Default
FILE: system/engine/action.php
REGEX: ~(require|include)(_once)?\(([^)]+)~
LINE: 58
FILE: system/engine/loader.php
REGEX: ~(require|include)(_once)?\(([^)]+)~
LINE: 20
LINE: 37
LINE: 54
LINE: 65
FILE: system/library/config.php
REGEX: ~(require|include)(_once)?\(([^)]+)~
LINE: 23
FILE: system/library/language.php
REGEX: ~(require|include)(_once)?\(([^)]+)~
LINE: 21
LINE: 27
----------------------------------------------------------------
MOD: Tweak for OpenCart 2x Russkaya sborka
FILE: admin/view/template/common/header.tpl
CODE: <?php foreach ($links as $link) { ?>
LINE: 35
CODE: <li><a href="http://www.opencart.com" target="_blank"><?php echo $text_homepage; ?></a></li>
LINE: 80
CODE: <li><a href="http://docs.opencart.com" target="_blank"><?php echo $text_documentation; ?></a></li>
LINE: 83
CODE: <li><a href="http://forum.opencart.com" target="_blank"><?php echo $text_support; ?></a></li>
LINE: 86
FILE: admin/view/template/common/menu.tpl
CODE: <li><a href="<?php echo $fraud; ?>"><?php echo $text_fraud; ?></a></li>
LINE: 30
FILE: admin/view/template/catalog/product_form.tpl
CODE: <label class="col-sm-2 control-label" for="input-sku"><span data-toggle="tooltip" title="<?php echo $help_sku; ?>"><?php echo $entry_sku; ?></span></label>
LINE: 154
CODE: <label class="col-sm-2 control-label" for="input-sku">
LINE: 160
CODE: <label class="col-sm-2 control-label" for="input-location"><?php echo $entry_location; ?></label>
LINE: 200
CODE: <input type="text" name="model" value="<?php echo $model; ?>" placeholder="<?php echo $entry_model; ?>" id="input-model" class="form-control" />
LINE: 110
FILE: admin/model/catalog/category.php
CODE: if (isset($data['keyword'])) {
LINE: 49
FILE: catalog/model/payment/pp_standard.php
CODE: 'AUD',
LINE: 21
----------------------------------------------------------------
2016-03-03 13:20:49 - MOD: Modification Default
FILE: system/engine/action.php
REGEX: ~(require|include)(_once)?\(([^)]+)~
LINE: 58
FILE: system/engine/loader.php
REGEX: ~(require|include)(_once)?\(([^)]+)~
LINE: 20
LINE: 37
LINE: 54
LINE: 65
FILE: system/library/config.php
REGEX: ~(require|include)(_once)?\(([^)]+)~
LINE: 23
FILE: system/library/language.php
REGEX: ~(require|include)(_once)?\(([^)]+)~
LINE: 21
LINE: 27
----------------------------------------------------------------
MOD: Tweak for OpenCart 2x Russkaya sborka
FILE: admin/view/template/common/header.tpl
CODE: <?php foreach ($links as $link) { ?>
LINE: 35
CODE: <li><a href="http://www.opencart.com" target="_blank"><?php echo $text_homepage; ?></a></li>
LINE: 80
CODE: <li><a href="http://docs.opencart.com" target="_blank"><?php echo $text_documentation; ?></a></li>
LINE: 83
CODE: <li><a href="http://forum.opencart.com" target="_blank"><?php echo $text_support; ?></a></li>
LINE: 86
FILE: admin/view/template/common/menu.tpl
CODE: <li><a href="<?php echo $fraud; ?>"><?php echo $text_fraud; ?></a></li>
LINE: 30
FILE: admin/view/template/catalog/product_form.tpl
CODE: <label class="col-sm-2 control-label" for="input-sku"><span data-toggle="tooltip" title="<?php echo $help_sku; ?>"><?php echo $entry_sku; ?></span></label>
LINE: 154
CODE: <label class="col-sm-2 control-label" for="input-sku">
LINE: 160
CODE: <label class="col-sm-2 control-label" for="input-location"><?php echo $entry_location; ?></label>
LINE: 200
CODE: <input type="text" name="model" value="<?php echo $model; ?>" placeholder="<?php echo $entry_model; ?>" id="input-model" class="form-control" />
LINE: 110
FILE: admin/model/catalog/category.php
CODE: if (isset($data['keyword'])) {
LINE: 49
FILE: catalog/model/payment/pp_standard.php
CODE: 'AUD',
LINE: 21
----------------------------------------------------------------
2016-03-03 14:04:20 - MOD: Modification Default
FILE: system/engine/action.php
REGEX: ~(require|include)(_once)?\(([^)]+)~
LINE: 58
FILE: system/engine/loader.php
REGEX: ~(require|include)(_once)?\(([^)]+)~
LINE: 20
LINE: 37
LINE: 54
LINE: 65
FILE: system/library/config.php
REGEX: ~(require|include)(_once)?\(([^)]+)~
LINE: 23
FILE: system/library/language.php
REGEX: ~(require|include)(_once)?\(([^)]+)~
LINE: 21
LINE: 27
----------------------------------------------------------------
MOD: Tweak for OpenCart 2x Russkaya sborka
FILE: admin/view/template/common/header.tpl
CODE: <?php foreach ($links as $link) { ?>
LINE: 35
CODE: <li><a href="http://www.opencart.com" target="_blank"><?php echo $text_homepage; ?></a></li>
LINE: 80
CODE: <li><a href="http://docs.opencart.com" target="_blank"><?php echo $text_documentation; ?></a></li>
LINE: 83
CODE: <li><a href="http://forum.opencart.com" target="_blank"><?php echo $text_support; ?></a></li>
LINE: 86
FILE: admin/view/template/common/menu.tpl
CODE: <li><a href="<?php echo $fraud; ?>"><?php echo $text_fraud; ?></a></li>
LINE: 30
FILE: admin/view/template/catalog/product_form.tpl
CODE: <label class="col-sm-2 control-label" for="input-sku"><span data-toggle="tooltip" title="<?php echo $help_sku; ?>"><?php echo $entry_sku; ?></span></label>
LINE: 154
CODE: <label class="col-sm-2 control-label" for="input-sku">
LINE: 160
CODE: <label class="col-sm-2 control-label" for="input-location"><?php echo $entry_location; ?></label>
LINE: 200
CODE: <input type="text" name="model" value="<?php echo $model; ?>" placeholder="<?php echo $entry_model; ?>" id="input-model" class="form-control" />
LINE: 110
FILE: admin/model/catalog/category.php
CODE: if (isset($data['keyword'])) {
LINE: 49
FILE: catalog/model/payment/pp_standard.php
CODE: 'AUD',
LINE: 21
----------------------------------------------------------------
2016-03-03 14:17:17 - MOD: Modification Default
FILE: system/engine/action.php
REGEX: ~(require|include)(_once)?\(([^)]+)~
LINE: 58
FILE: system/engine/loader.php
REGEX: ~(require|include)(_once)?\(([^)]+)~
LINE: 20
LINE: 37
LINE: 54
LINE: 65
FILE: system/library/config.php
REGEX: ~(require|include)(_once)?\(([^)]+)~
LINE: 23
FILE: system/library/language.php
REGEX: ~(require|include)(_once)?\(([^)]+)~
LINE: 21
LINE: 27
----------------------------------------------------------------
MOD: Tweak for OpenCart 2x Russkaya sborka
FILE: admin/view/template/common/header.tpl
CODE: <?php foreach ($links as $link) { ?>
LINE: 35
CODE: <li><a href="http://www.opencart.com" target="_blank"><?php echo $text_homepage; ?></a></li>
LINE: 80
CODE: <li><a href="http://docs.opencart.com" target="_blank"><?php echo $text_documentation; ?></a></li>
LINE: 83
CODE: <li><a href="http://forum.opencart.com" target="_blank"><?php echo $text_support; ?></a></li>
LINE: 86
FILE: admin/view/template/common/menu.tpl
CODE: <li><a href="<?php echo $fraud; ?>"><?php echo $text_fraud; ?></a></li>
LINE: 30
FILE: admin/view/template/catalog/product_form.tpl
CODE: <label class="col-sm-2 control-label" for="input-sku"><span data-toggle="tooltip" title="<?php echo $help_sku; ?>"><?php echo $entry_sku; ?></span></label>
LINE: 154
CODE: <label class="col-sm-2 control-label" for="input-sku">
LINE: 160
CODE: <label class="col-sm-2 control-label" for="input-location"><?php echo $entry_location; ?></label>
LINE: 200
CODE: <input type="text" name="model" value="<?php echo $model; ?>" placeholder="<?php echo $entry_model; ?>" id="input-model" class="form-control" />
LINE: 110
FILE: admin/model/catalog/category.php
CODE: if (isset($data['keyword'])) {
LINE: 49
FILE: catalog/model/payment/pp_standard.php
CODE: 'AUD',
LINE: 21
----------------------------------------------------------------
2016-03-03 14:22:20 - MOD: Modification Default
FILE: system/engine/action.php
REGEX: ~(require|include)(_once)?\(([^)]+)~
LINE: 58
FILE: system/engine/loader.php
REGEX: ~(require|include)(_once)?\(([^)]+)~
LINE: 20
LINE: 37
LINE: 54
LINE: 65
FILE: system/library/config.php
REGEX: ~(require|include)(_once)?\(([^)]+)~
LINE: 23
FILE: system/library/language.php
REGEX: ~(require|include)(_once)?\(([^)]+)~
LINE: 21
LINE: 27
----------------------------------------------------------------
MOD: Tweak for OpenCart 2x Russkaya sborka
FILE: admin/view/template/common/header.tpl
CODE: <?php foreach ($links as $link) { ?>
LINE: 35
CODE: <li><a href="http://www.opencart.com" target="_blank"><?php echo $text_homepage; ?></a></li>
LINE: 80
CODE: <li><a href="http://docs.opencart.com" target="_blank"><?php echo $text_documentation; ?></a></li>
LINE: 83
CODE: <li><a href="http://forum.opencart.com" target="_blank"><?php echo $text_support; ?></a></li>
LINE: 86
FILE: admin/view/template/common/menu.tpl
CODE: <li><a href="<?php echo $fraud; ?>"><?php echo $text_fraud; ?></a></li>
LINE: 30
FILE: admin/view/template/catalog/product_form.tpl
CODE: <label class="col-sm-2 control-label" for="input-sku"><span data-toggle="tooltip" title="<?php echo $help_sku; ?>"><?php echo $entry_sku; ?></span></label>
LINE: 116
CODE: <label class="col-sm-2 control-label" for="input-sku">
LINE: 122
CODE: <label class="col-sm-2 control-label" for="input-location"><?php echo $entry_location; ?></label>
LINE: 162
CODE: <input type="text" name="model" value="<?php echo $model; ?>" placeholder="<?php echo $entry_model; ?>" id="input-model" class="form-control" />
LINE: 108
FILE: admin/model/catalog/category.php
CODE: if (isset($data['keyword'])) {
LINE: 49
FILE: catalog/model/payment/pp_standard.php
CODE: 'AUD',
LINE: 21
----------------------------------------------------------------
2016-03-03 14:25:14 - MOD: Modification Default
FILE: system/engine/action.php
REGEX: ~(require|include)(_once)?\(([^)]+)~
LINE: 58
FILE: system/engine/loader.php
REGEX: ~(require|include)(_once)?\(([^)]+)~
LINE: 20
LINE: 37
LINE: 54
LINE: 65
FILE: system/library/config.php
REGEX: ~(require|include)(_once)?\(([^)]+)~
LINE: 23
FILE: system/library/language.php
REGEX: ~(require|include)(_once)?\(([^)]+)~
LINE: 21
LINE: 27
----------------------------------------------------------------
MOD: Tweak for OpenCart 2x Russkaya sborka
FILE: admin/view/template/common/header.tpl
CODE: <?php foreach ($links as $link) { ?>
LINE: 35
CODE: <li><a href="http://www.opencart.com" target="_blank"><?php echo $text_homepage; ?></a></li>
LINE: 80
CODE: <li><a href="http://docs.opencart.com" target="_blank"><?php echo $text_documentation; ?></a></li>
LINE: 83
CODE: <li><a href="http://forum.opencart.com" target="_blank"><?php echo $text_support; ?></a></li>
LINE: 86
FILE: admin/view/template/common/menu.tpl
CODE: <li><a href="<?php echo $fraud; ?>"><?php echo $text_fraud; ?></a></li>
LINE: 30
FILE: admin/view/template/catalog/product_form.tpl
CODE: <label class="col-sm-2 control-label" for="input-sku"><span data-toggle="tooltip" title="<?php echo $help_sku; ?>"><?php echo $entry_sku; ?></span></label>
LINE: 116
CODE: <label class="col-sm-2 control-label" for="input-sku">
LINE: 122
CODE: <label class="col-sm-2 control-label" for="input-location"><?php echo $entry_location; ?></label>
LINE: 162
CODE: <input type="text" name="model" value="<?php echo $model; ?>" placeholder="<?php echo $entry_model; ?>" id="input-model" class="form-control" />
LINE: 108
FILE: admin/model/catalog/category.php
CODE: if (isset($data['keyword'])) {
LINE: 49
FILE: catalog/model/payment/pp_standard.php
CODE: 'AUD',
LINE: 21
----------------------------------------------------------------
2016-03-03 14:25:38 - MOD: Modification Default
FILE: system/engine/action.php
REGEX: ~(require|include)(_once)?\(([^)]+)~
LINE: 58
FILE: system/engine/loader.php
REGEX: ~(require|include)(_once)?\(([^)]+)~
LINE: 20
LINE: 37
LINE: 54
LINE: 65
FILE: system/library/config.php
REGEX: ~(require|include)(_once)?\(([^)]+)~
LINE: 23
FILE: system/library/language.php
REGEX: ~(require|include)(_once)?\(([^)]+)~
LINE: 21
LINE: 27
----------------------------------------------------------------
MOD: Tweak for OpenCart 2x Russkaya sborka
FILE: admin/view/template/common/header.tpl
CODE: <?php foreach ($links as $link) { ?>
LINE: 35
CODE: <li><a href="http://www.opencart.com" target="_blank"><?php echo $text_homepage; ?></a></li>
LINE: 80
CODE: <li><a href="http://docs.opencart.com" target="_blank"><?php echo $text_documentation; ?></a></li>
LINE: 83
CODE: <li><a href="http://forum.opencart.com" target="_blank"><?php echo $text_support; ?></a></li>
LINE: 86
FILE: admin/view/template/common/menu.tpl
CODE: <li><a href="<?php echo $fraud; ?>"><?php echo $text_fraud; ?></a></li>
LINE: 30
FILE: admin/view/template/catalog/product_form.tpl
CODE: <label class="col-sm-2 control-label" for="input-sku"><span data-toggle="tooltip" title="<?php echo $help_sku; ?>"><?php echo $entry_sku; ?></span></label>
LINE: 116
CODE: <label class="col-sm-2 control-label" for="input-sku">
LINE: 122
CODE: <label class="col-sm-2 control-label" for="input-location"><?php echo $entry_location; ?></label>
LINE: 162
CODE: <input type="text" name="model" value="<?php echo $model; ?>" placeholder="<?php echo $entry_model; ?>" id="input-model" class="form-control" />
LINE: 108
FILE: admin/model/catalog/category.php
CODE: if (isset($data['keyword'])) {
LINE: 49
FILE: catalog/model/payment/pp_standard.php
CODE: 'AUD',
LINE: 21
----------------------------------------------------------------
2016-03-03 14:26:13 - MOD: Modification Default
FILE: system/engine/action.php
REGEX: ~(require|include)(_once)?\(([^)]+)~
LINE: 58
FILE: system/engine/loader.php
REGEX: ~(require|include)(_once)?\(([^)]+)~
LINE: 20
LINE: 37
LINE: 54
LINE: 65
FILE: system/library/config.php
REGEX: ~(require|include)(_once)?\(([^)]+)~
LINE: 23
FILE: system/library/language.php
REGEX: ~(require|include)(_once)?\(([^)]+)~
LINE: 21
LINE: 27
----------------------------------------------------------------
MOD: Tweak for OpenCart 2x Russkaya sborka
FILE: admin/view/template/common/header.tpl
CODE: <?php foreach ($links as $link) { ?>
LINE: 35
CODE: <li><a href="http://www.opencart.com" target="_blank"><?php echo $text_homepage; ?></a></li>
LINE: 80
CODE: <li><a href="http://docs.opencart.com" target="_blank"><?php echo $text_documentation; ?></a></li>
LINE: 83
CODE: <li><a href="http://forum.opencart.com" target="_blank"><?php echo $text_support; ?></a></li>
LINE: 86
FILE: admin/view/template/common/menu.tpl
CODE: <li><a href="<?php echo $fraud; ?>"><?php echo $text_fraud; ?></a></li>
LINE: 30
FILE: admin/view/template/catalog/product_form.tpl
CODE: <label class="col-sm-2 control-label" for="input-sku"><span data-toggle="tooltip" title="<?php echo $help_sku; ?>"><?php echo $entry_sku; ?></span></label>
LINE: 116
CODE: <label class="col-sm-2 control-label" for="input-sku">
LINE: 122
CODE: <label class="col-sm-2 control-label" for="input-location"><?php echo $entry_location; ?></label>
LINE: 162
CODE: <input type="text" name="model" value="<?php echo $model; ?>" placeholder="<?php echo $entry_model; ?>" id="input-model" class="form-control" />
LINE: 108
FILE: admin/model/catalog/category.php
CODE: if (isset($data['keyword'])) {
LINE: 49
FILE: catalog/model/payment/pp_standard.php
CODE: 'AUD',
LINE: 21
----------------------------------------------------------------
2016-03-05 8:37:23 - MOD: Modification Default
FILE: system/engine/action.php
REGEX: ~(require|include)(_once)?\(([^)]+)~
LINE: 58
FILE: system/engine/loader.php
REGEX: ~(require|include)(_once)?\(([^)]+)~
LINE: 20
LINE: 37
LINE: 54
LINE: 65
FILE: system/library/config.php
REGEX: ~(require|include)(_once)?\(([^)]+)~
LINE: 23
FILE: system/library/language.php
REGEX: ~(require|include)(_once)?\(([^)]+)~
LINE: 21
LINE: 27
----------------------------------------------------------------
MOD: Tweak for OpenCart 2x Russkaya sborka
FILE: admin/view/template/common/header.tpl
CODE: <?php foreach ($links as $link) { ?>
LINE: 35
CODE: <li><a href="http://www.opencart.com" target="_blank"><?php echo $text_homepage; ?></a></li>
LINE: 80
CODE: <li><a href="http://docs.opencart.com" target="_blank"><?php echo $text_documentation; ?></a></li>
LINE: 83
CODE: <li><a href="http://forum.opencart.com" target="_blank"><?php echo $text_support; ?></a></li>
LINE: 86
FILE: admin/view/template/common/menu.tpl
CODE: <li><a href="<?php echo $fraud; ?>"><?php echo $text_fraud; ?></a></li>
LINE: 30
FILE: admin/view/template/catalog/product_form.tpl
CODE: <label class="col-sm-2 control-label" for="input-sku"><span data-toggle="tooltip" title="<?php echo $help_sku; ?>"><?php echo $entry_sku; ?></span></label>
LINE: 116
CODE: <label class="col-sm-2 control-label" for="input-sku">
LINE: 122
CODE: <label class="col-sm-2 control-label" for="input-location"><?php echo $entry_location; ?></label>
LINE: 162
CODE: <input type="text" name="model" value="<?php echo $model; ?>" placeholder="<?php echo $entry_model; ?>" id="input-model" class="form-control" />
LINE: 108
FILE: admin/model/catalog/category.php
CODE: if (isset($data['keyword'])) {
LINE: 49
FILE: catalog/model/payment/pp_standard.php
CODE: 'AUD',
LINE: 21
----------------------------------------------------------------
2016-03-06 23:02:04 - MOD: Modification Default
FILE: system/engine/action.php
REGEX: ~(require|include)(_once)?\(([^)]+)~
LINE: 58
FILE: system/engine/loader.php
REGEX: ~(require|include)(_once)?\(([^)]+)~
LINE: 20
LINE: 37
LINE: 54
LINE: 65
FILE: system/library/config.php
REGEX: ~(require|include)(_once)?\(([^)]+)~
LINE: 23
FILE: system/library/language.php
REGEX: ~(require|include)(_once)?\(([^)]+)~
LINE: 21
LINE: 27
----------------------------------------------------------------
MOD: Tweak for OpenCart 2x Russkaya sborka
FILE: admin/view/template/common/header.tpl
CODE: <?php foreach ($links as $link) { ?>
LINE: 35
CODE: <li><a href="http://www.opencart.com" target="_blank"><?php echo $text_homepage; ?></a></li>
LINE: 80
CODE: <li><a href="http://docs.opencart.com" target="_blank"><?php echo $text_documentation; ?></a></li>
LINE: 83
CODE: <li><a href="http://forum.opencart.com" target="_blank"><?php echo $text_support; ?></a></li>
LINE: 86
FILE: admin/view/template/common/menu.tpl
CODE: <li><a href="<?php echo $fraud; ?>"><?php echo $text_fraud; ?></a></li>
LINE: 30
FILE: admin/view/template/catalog/product_form.tpl
CODE: <label class="col-sm-2 control-label" for="input-sku"><span data-toggle="tooltip" title="<?php echo $help_sku; ?>"><?php echo $entry_sku; ?></span></label>
LINE: 116
CODE: <label class="col-sm-2 control-label" for="input-sku">
LINE: 122
CODE: <label class="col-sm-2 control-label" for="input-location"><?php echo $entry_location; ?></label>
LINE: 162
CODE: <input type="text" name="model" value="<?php echo $model; ?>" placeholder="<?php echo $entry_model; ?>" id="input-model" class="form-control" />
LINE: 108
FILE: admin/model/catalog/category.php
CODE: if (isset($data['keyword'])) {
LINE: 49
FILE: catalog/model/payment/pp_standard.php
CODE: 'AUD',
LINE: 21
----------------------------------------------------------------
